  [1m[35m (0.3ms)[0m  [1m[34mSELECT sqlite_version(*)[0m
  ↳ /home/ivan-devops/.rbenv/versions/2.5.3/bin/rake:23
  [1m[35m (113.3ms)[0m  [1m[35mCREATE TABLE "schema_migrations" ("version" varchar NOT NULL PRIMARY KEY)[0m
  ↳ /home/ivan-devops/.rbenv/versions/2.5.3/bin/rake:23
  [1m[35m (107.1ms)[0m  [1m[35mCREATE TABLE "ar_internal_metadata" ("key" varchar NOT NULL PRIMARY KEY, "value" varchar, "created_at" datetime NOT NULL, "updated_at" datetime NOT NULL)[0m
  ↳ /home/ivan-devops/.rbenv/versions/2.5.3/bin/rake:23
  [1m[35m (0.8ms)[0m  [1m[34mSELECT "schema_migrations"."version" FROM "schema_migrations" ORDER BY "schema_migrations"."version" ASC[0m
  ↳ /home/ivan-devops/.rbenv/versions/2.5.3/bin/rake:23
Migrating to DeviseCreateUsers (20181107110653)
  [1m[35m (0.2ms)[0m  [1m[36mbegin transaction[0m
  ↳ /home/ivan-devops/.rbenv/versions/2.5.3/bin/rake:23
  [1m[35m (5.3ms)[0m  [1m[35mCREATE TABLE "users" ("id" integer PRIMARY KEY AUTOINCREMENT NOT NULL, "admin" boolean, "email" varchar DEFAULT '' NOT NULL, "encrypted_password" varchar DEFAULT '' NOT NULL, "reset_password_token" varchar, "reset_password_sent_at" datetime, "remember_created_at" datetime, "created_at" datetime NOT NULL, "updated_at" datetime NOT NULL)[0m
  ↳ db/migrate/20181107110653_devise_create_users.rb:5
  [1m[35m (0.7ms)[0m  [1m[35mCREATE UNIQUE INDEX "index_users_on_email" ON "users" ("email")[0m
  ↳ db/migrate/20181107110653_devise_create_users.rb:40
  [1m[35m (0.4ms)[0m  [1m[35mCREATE UNIQUE INDEX "index_users_on_reset_password_token" ON "users" ("reset_password_token")[0m
  ↳ db/migrate/20181107110653_devise_create_users.rb:41
  [1m[36mActiveRecord::SchemaMigration Create (1.8ms)[0m  [1m[32mINSERT INTO "schema_migrations" ("version") VALUES (?)[0m  [["version", "20181107110653"]]
  ↳ /home/ivan-devops/.rbenv/versions/2.5.3/bin/rake:23
  [1m[35m (104.1ms)[0m  [1m[36mcommit transaction[0m
  ↳ /home/ivan-devops/.rbenv/versions/2.5.3/bin/rake:23
  [1m[36mActiveRecord::InternalMetadata Load (0.5ms)[0m  [1m[34mSELECT  "ar_internal_metadata".* FROM "ar_internal_metadata" WHERE "ar_internal_metadata"."key" = ? LIMIT ?[0m  [["key", "environment"], ["LIMIT", 1]]
  ↳ /home/ivan-devops/.rbenv/versions/2.5.3/bin/rake:23
  [1m[35m (0.2ms)[0m  [1m[36mbegin transaction[0m
  ↳ /home/ivan-devops/.rbenv/versions/2.5.3/bin/rake:23
  [1m[36mActiveRecord::InternalMetadata Create (1.7ms)[0m  [1m[32mINSERT INTO "ar_internal_metadata" ("key", "value", "created_at", "updated_at") VALUES (?, ?, ?, ?)[0m  [["key", "environment"], ["value", "development"], ["created_at", "2018-11-07 11:08:21.985874"], ["updated_at", "2018-11-07 11:08:21.985874"]]
  ↳ /home/ivan-devops/.rbenv/versions/2.5.3/bin/rake:23
  [1m[35m (88.2ms)[0m  [1m[36mcommit transaction[0m
  ↳ /home/ivan-devops/.rbenv/versions/2.5.3/bin/rake:23
  [1m[35m (0.3ms)[0m  [1m[34mSELECT "schema_migrations"."version" FROM "schema_migrations" ORDER BY "schema_migrations"."version" ASC[0m
  ↳ /home/ivan-devops/.rbenv/versions/2.5.3/bin/rake:23
Started GET "/users" for 127.0.0.1 at 2018-11-07 13:16:10 +0200
  [1m[35m (0.4ms)[0m  [1m[34mSELECT "schema_migrations"."version" FROM "schema_migrations" ORDER BY "schema_migrations"."version" ASC[0m
  ↳ /home/ivan-devops/.rbenv/versions/2.5.3/lib/ruby/gems/2.5.0/gems/activerecord-5.2.1/lib/active_record/log_subscriber.rb:98
  
ActionController::RoutingError (No route matches [GET] "/users"):
  
actionpack (5.2.1) lib/action_dispatch/middleware/debug_exceptions.rb:65:in `call'
web-console (3.7.0) lib/web_console/middleware.rb:135:in `call_app'
web-console (3.7.0) lib/web_console/middleware.rb:30:in `block in call'
web-console (3.7.0) lib/web_console/middleware.rb:20:in `catch'
web-console (3.7.0) lib/web_console/middleware.rb:20:in `call'
actionpack (5.2.1) lib/action_dispatch/middleware/show_exceptions.rb:33:in `call'
railties (5.2.1) lib/rails/rack/logger.rb:38:in `call_app'
railties (5.2.1) lib/rails/rack/logger.rb:26:in `block in call'
activesupport (5.2.1) lib/active_support/tagged_logging.rb:71:in `block in tagged'
activesupport (5.2.1) lib/active_support/tagged_logging.rb:28:in `tagged'
activesupport (5.2.1) lib/active_support/tagged_logging.rb:71:in `tagged'
railties (5.2.1) lib/rails/rack/logger.rb:26:in `call'
sprockets-rails (3.2.1) lib/sprockets/rails/quiet_assets.rb:13:in `call'
actionpack (5.2.1) lib/action_dispatch/middleware/remote_ip.rb:81:in `call'
actionpack (5.2.1) lib/action_dispatch/middleware/request_id.rb:27:in `call'
rack (2.0.6) lib/rack/method_override.rb:22:in `call'
rack (2.0.6) lib/rack/runtime.rb:22:in `call'
activesupport (5.2.1) lib/active_support/cache/strategy/local_cache_middleware.rb:29:in `call'
actionpack (5.2.1) lib/action_dispatch/middleware/executor.rb:14:in `call'
actionpack (5.2.1) lib/action_dispatch/middleware/static.rb:127:in `call'
rack (2.0.6) lib/rack/sendfile.rb:111:in `call'
railties (5.2.1) lib/rails/engine.rb:524:in `call'
puma (3.12.0) lib/puma/configuration.rb:225:in `call'
puma (3.12.0) lib/puma/server.rb:658:in `handle_request'
puma (3.12.0) lib/puma/server.rb:472:in `process_client'
puma (3.12.0) lib/puma/server.rb:332:in `block in run'
puma (3.12.0) lib/puma/thread_pool.rb:133:in `block in spawn_thread'
Started GET "/" for 127.0.0.1 at 2018-11-07 13:16:14 +0200
Processing by HomeController#index as HTML
  Rendering home/index.html.erb within layouts/application
  Rendered home/index.html.erb within layouts/application (1.3ms)
Completed 500 Internal Server Error in 3487ms (ActiveRecord: 0.0ms)


  
ActionView::Template::Error (undefined local variable or method `“Login”' for #<#<Class:0x00005596e7d72930>:0x00005596e7d4fd18>):
    13:     <% if current_user %>
    14:       <%= link_to “Logout”, destroy_user_session_path, method: :delete %>
    15:     <% else %>
    16:       <%= link_to “Login”, new_user_session_path %>
    17:     <% end %>
    18: 
    19:     <%= yield %>
  
app/views/layouts/application.html.erb:16:in `_app_views_layouts_application_html_erb__189095566165995132_47053311786100'
Started GET "/users/sign_in" for 127.0.0.1 at 2018-11-07 13:16:53 +0200
Processing by Devise::SessionsController#new as HTML
  Rendering /home/ivan-devops/.rbenv/versions/2.5.3/lib/ruby/gems/2.5.0/gems/devise-4.5.0/app/views/devise/sessions/new.html.erb within layouts/application
  Rendered /home/ivan-devops/.rbenv/versions/2.5.3/lib/ruby/gems/2.5.0/gems/devise-4.5.0/app/views/devise/shared/_links.html.erb (5.2ms)
  Rendered /home/ivan-devops/.rbenv/versions/2.5.3/lib/ruby/gems/2.5.0/gems/devise-4.5.0/app/views/devise/sessions/new.html.erb within layouts/application (393.8ms)
Completed 500 Internal Server Error in 2350ms (ActiveRecord: 5.3ms)


  
ActionView::Template::Error (undefined local variable or method `“Login”' for #<#<Class:0x00007f0cc550f720>:0x00007f0cc55034e8>):
    13:     <% if current_user %>
    14:       <%= link_to “Logout”, destroy_user_session_path, method: :delete %>
    15:     <% else %>
    16:       <%= link_to “Login”, new_user_session_path %>
    17:     <% end %>
    18: 
    19:     <%= yield %>
  
app/views/layouts/application.html.erb:16:in `_app_views_layouts_application_html_erb__189095566165995132_69846413242460'
Started GET "/admin" for 127.0.0.1 at 2018-11-08 09:27:26 +0200
  [1m[35m (0.4ms)[0m  [1m[34mSELECT "schema_migrations"."version" FROM "schema_migrations" ORDER BY "schema_migrations"."version" ASC[0m
  ↳ /home/ivan-devops/.rbenv/versions/2.5.3/lib/ruby/gems/2.5.0/gems/activerecord-5.2.1/lib/active_record/log_subscriber.rb:98
Processing by RailsAdmin::MainController#dashboard as HTML
  [1m[35m (0.3ms)[0m  [1m[34mSELECT COUNT(*) FROM "users"[0m
  ↳ /home/ivan-devops/.rbenv/versions/2.5.3/lib/ruby/gems/2.5.0/gems/activerecord-5.2.1/lib/active_record/log_subscriber.rb:98
  [1m[36mUser Load (0.5ms)[0m  [1m[34mSELECT  "users".* FROM "users" ORDER BY "users"."id" DESC LIMIT ?[0m  [["LIMIT", 1]]
  ↳ /home/ivan-devops/.rbenv/versions/2.5.3/lib/ruby/gems/2.5.0/gems/activerecord-5.2.1/lib/active_record/log_subscriber.rb:98
  Rendering /home/ivan-devops/.rbenv/versions/2.5.3/lib/ruby/gems/2.5.0/gems/rails_admin-1.4.2/app/views/rails_admin/main/dashboard.html.haml within layouts/rails_admin/application
  Rendered /home/ivan-devops/.rbenv/versions/2.5.3/lib/ruby/gems/2.5.0/gems/rails_admin-1.4.2/app/views/rails_admin/main/dashboard.html.haml within layouts/rails_admin/application (71.9ms)
  Rendered /home/ivan-devops/.rbenv/versions/2.5.3/lib/ruby/gems/2.5.0/gems/rails_admin-1.4.2/app/views/layouts/rails_admin/_secondary_navigation.html.haml (25.8ms)
  Rendered /home/ivan-devops/.rbenv/versions/2.5.3/lib/ruby/gems/2.5.0/gems/rails_admin-1.4.2/app/views/layouts/rails_admin/_navigation.html.haml (57.2ms)
  Rendered /home/ivan-devops/.rbenv/versions/2.5.3/lib/ruby/gems/2.5.0/gems/rails_admin-1.4.2/app/views/layouts/rails_admin/_sidebar_navigation.html.haml (16.6ms)
  Rendering /home/ivan-devops/.rbenv/versions/2.5.3/lib/ruby/gems/2.5.0/gems/rails_admin-1.4.2/app/views/layouts/rails_admin/pjax.html.haml
  Rendered /home/ivan-devops/.rbenv/versions/2.5.3/lib/ruby/gems/2.5.0/gems/rails_admin-1.4.2/app/views/layouts/rails_admin/pjax.html.haml (46.5ms)
Completed 200 OK in 31406ms (Views: 28499.9ms | ActiveRecord: 2.6ms)


Started GET "/admin/?_pjax=%5Bdata-pjax-container%5D" for 127.0.0.1 at 2018-11-08 09:28:36 +0200
Processing by RailsAdmin::MainController#dashboard as HTML
  Parameters: {"_pjax"=>"[data-pjax-container]"}
  [1m[35m (0.4ms)[0m  [1m[34mSELECT COUNT(*) FROM "users"[0m
  ↳ /home/ivan-devops/.rbenv/versions/2.5.3/lib/ruby/gems/2.5.0/gems/activerecord-5.2.1/lib/active_record/log_subscriber.rb:98
  [1m[36mUser Load (0.5ms)[0m  [1m[34mSELECT  "users".* FROM "users" ORDER BY "users"."id" DESC LIMIT ?[0m  [["LIMIT", 1]]
  ↳ /home/ivan-devops/.rbenv/versions/2.5.3/lib/ruby/gems/2.5.0/gems/activerecord-5.2.1/lib/active_record/log_subscriber.rb:98
  Rendering /home/ivan-devops/.rbenv/versions/2.5.3/lib/ruby/gems/2.5.0/gems/rails_admin-1.4.2/app/views/rails_admin/main/dashboard.html.haml within layouts/rails_admin/pjax
  Rendered /home/ivan-devops/.rbenv/versions/2.5.3/lib/ruby/gems/2.5.0/gems/rails_admin-1.4.2/app/views/rails_admin/main/dashboard.html.haml within layouts/rails_admin/pjax (47.4ms)
Completed 200 OK in 142ms (Views: 124.5ms | ActiveRecord: 0.9ms)


Started GET "/" for 127.0.0.1 at 2018-11-08 09:29:23 +0200
Processing by HomeController#index as HTML
  Rendering home/index.html.erb within layouts/application
  Rendered home/index.html.erb within layouts/application (0.7ms)
Completed 500 Internal Server Error in 1964ms (ActiveRecord: 0.0ms)


  
ActionView::Template::Error (undefined local variable or method `“Login”' for #<#<Class:0x00007fc5c6396f28>:0x00007fc5c63950b0>):
    14:     <!-- <% if current_user %>
    15:       <%= link_to “Logout”, destroy_user_session_path, method: :delete %>
    16:     <% else %>
    17:       <%= link_to “Login”, new_user_session_path %>
    18:     <% end %> -->
    19: 
    20:     <%= yield %>
  
app/views/layouts/application.html.erb:17:in `_app_views_layouts_application_html_erb___3411411671236990046_70243689428680'
Started GET "/admin" for 127.0.0.1 at 2018-11-08 09:30:35 +0200
Processing by RailsAdmin::MainController#dashboard as HTML
  [1m[35m (2.7ms)[0m  [1m[34mSELECT COUNT(*) FROM "users"[0m
  ↳ /home/ivan-devops/.rbenv/versions/2.5.3/lib/ruby/gems/2.5.0/gems/activerecord-5.2.1/lib/active_record/log_subscriber.rb:98
  [1m[36mUser Load (5.8ms)[0m  [1m[34mSELECT  "users".* FROM "users" ORDER BY "users"."id" DESC LIMIT ?[0m  [["LIMIT", 1]]
  ↳ /home/ivan-devops/.rbenv/versions/2.5.3/lib/ruby/gems/2.5.0/gems/activerecord-5.2.1/lib/active_record/log_subscriber.rb:98
  Rendering /home/ivan-devops/.rbenv/versions/2.5.3/lib/ruby/gems/2.5.0/gems/rails_admin-1.4.2/app/views/rails_admin/main/dashboard.html.haml within layouts/rails_admin/application
  Rendered /home/ivan-devops/.rbenv/versions/2.5.3/lib/ruby/gems/2.5.0/gems/rails_admin-1.4.2/app/views/rails_admin/main/dashboard.html.haml within layouts/rails_admin/application (35.6ms)
  Rendered /home/ivan-devops/.rbenv/versions/2.5.3/lib/ruby/gems/2.5.0/gems/rails_admin-1.4.2/app/views/layouts/rails_admin/_secondary_navigation.html.haml (10.0ms)
  Rendered /home/ivan-devops/.rbenv/versions/2.5.3/lib/ruby/gems/2.5.0/gems/rails_admin-1.4.2/app/views/layouts/rails_admin/_navigation.html.haml (32.9ms)
  Rendered /home/ivan-devops/.rbenv/versions/2.5.3/lib/ruby/gems/2.5.0/gems/rails_admin-1.4.2/app/views/layouts/rails_admin/_sidebar_navigation.html.haml (11.7ms)
  Rendering /home/ivan-devops/.rbenv/versions/2.5.3/lib/ruby/gems/2.5.0/gems/rails_admin-1.4.2/app/views/layouts/rails_admin/pjax.html.haml
  Rendered /home/ivan-devops/.rbenv/versions/2.5.3/lib/ruby/gems/2.5.0/gems/rails_admin-1.4.2/app/views/layouts/rails_admin/pjax.html.haml (26.6ms)
Completed 200 OK in 735ms (Views: 705.4ms | ActiveRecord: 8.5ms)


  [1m[36mUser Load (0.7ms)[0m  [1m[34mSELECT  "users".* FROM "users" ORDER BY "users"."id" ASC LIMIT ?[0m  [["LIMIT", 1]]
Started GET "/users" for 127.0.0.1 at 2018-11-08 10:03:11 +0200
  [1m[35m (0.4ms)[0m  [1m[34mSELECT "schema_migrations"."version" FROM "schema_migrations" ORDER BY "schema_migrations"."version" ASC[0m
  ↳ /home/ivan-devops/.rbenv/versions/2.5.3/lib/ruby/gems/2.5.0/gems/activerecord-5.2.1/lib/active_record/log_subscriber.rb:98
  
ActionController::RoutingError (No route matches [GET] "/users"):
  
actionpack (5.2.1) lib/action_dispatch/middleware/debug_exceptions.rb:65:in `call'
web-console (3.7.0) lib/web_console/middleware.rb:135:in `call_app'
web-console (3.7.0) lib/web_console/middleware.rb:30:in `block in call'
web-console (3.7.0) lib/web_console/middleware.rb:20:in `catch'
web-console (3.7.0) lib/web_console/middleware.rb:20:in `call'
actionpack (5.2.1) lib/action_dispatch/middleware/show_exceptions.rb:33:in `call'
railties (5.2.1) lib/rails/rack/logger.rb:38:in `call_app'
railties (5.2.1) lib/rails/rack/logger.rb:26:in `block in call'
activesupport (5.2.1) lib/active_support/tagged_logging.rb:71:in `block in tagged'
activesupport (5.2.1) lib/active_support/tagged_logging.rb:28:in `tagged'
activesupport (5.2.1) lib/active_support/tagged_logging.rb:71:in `tagged'
railties (5.2.1) lib/rails/rack/logger.rb:26:in `call'
sprockets-rails (3.2.1) lib/sprockets/rails/quiet_assets.rb:13:in `call'
actionpack (5.2.1) lib/action_dispatch/middleware/remote_ip.rb:81:in `call'
actionpack (5.2.1) lib/action_dispatch/middleware/request_id.rb:27:in `call'
rack (2.0.6) lib/rack/method_override.rb:22:in `call'
rack (2.0.6) lib/rack/runtime.rb:22:in `call'
activesupport (5.2.1) lib/active_support/cache/strategy/local_cache_middleware.rb:29:in `call'
actionpack (5.2.1) lib/action_dispatch/middleware/executor.rb:14:in `call'
actionpack (5.2.1) lib/action_dispatch/middleware/static.rb:127:in `call'
rack (2.0.6) lib/rack/sendfile.rb:111:in `call'
railties (5.2.1) lib/rails/engine.rb:524:in `call'
puma (3.12.0) lib/puma/configuration.rb:225:in `call'
puma (3.12.0) lib/puma/server.rb:658:in `handle_request'
puma (3.12.0) lib/puma/server.rb:472:in `process_client'
puma (3.12.0) lib/puma/server.rb:332:in `block in run'
puma (3.12.0) lib/puma/thread_pool.rb:133:in `block in spawn_thread'
Started GET "/users/new" for 127.0.0.1 at 2018-11-08 10:03:26 +0200
  
ActionController::RoutingError (No route matches [GET] "/users/new"):
  
actionpack (5.2.1) lib/action_dispatch/middleware/debug_exceptions.rb:65:in `call'
web-console (3.7.0) lib/web_console/middleware.rb:135:in `call_app'
web-console (3.7.0) lib/web_console/middleware.rb:30:in `block in call'
web-console (3.7.0) lib/web_console/middleware.rb:20:in `catch'
web-console (3.7.0) lib/web_console/middleware.rb:20:in `call'
actionpack (5.2.1) lib/action_dispatch/middleware/show_exceptions.rb:33:in `call'
railties (5.2.1) lib/rails/rack/logger.rb:38:in `call_app'
railties (5.2.1) lib/rails/rack/logger.rb:26:in `block in call'
activesupport (5.2.1) lib/active_support/tagged_logging.rb:71:in `block in tagged'
activesupport (5.2.1) lib/active_support/tagged_logging.rb:28:in `tagged'
activesupport (5.2.1) lib/active_support/tagged_logging.rb:71:in `tagged'
railties (5.2.1) lib/rails/rack/logger.rb:26:in `call'
sprockets-rails (3.2.1) lib/sprockets/rails/quiet_assets.rb:13:in `call'
actionpack (5.2.1) lib/action_dispatch/middleware/remote_ip.rb:81:in `call'
actionpack (5.2.1) lib/action_dispatch/middleware/request_id.rb:27:in `call'
rack (2.0.6) lib/rack/method_override.rb:22:in `call'
rack (2.0.6) lib/rack/runtime.rb:22:in `call'
activesupport (5.2.1) lib/active_support/cache/strategy/local_cache_middleware.rb:29:in `call'
actionpack (5.2.1) lib/action_dispatch/middleware/executor.rb:14:in `call'
actionpack (5.2.1) lib/action_dispatch/middleware/static.rb:127:in `call'
rack (2.0.6) lib/rack/sendfile.rb:111:in `call'
railties (5.2.1) lib/rails/engine.rb:524:in `call'
puma (3.12.0) lib/puma/configuration.rb:225:in `call'
puma (3.12.0) lib/puma/server.rb:658:in `handle_request'
puma (3.12.0) lib/puma/server.rb:472:in `process_client'
puma (3.12.0) lib/puma/server.rb:332:in `block in run'
puma (3.12.0) lib/puma/thread_pool.rb:133:in `block in spawn_thread'
Started GET "/users/sign_up" for 127.0.0.1 at 2018-11-08 10:03:56 +0200
Processing by Devise::RegistrationsController#new as HTML
  Rendering /home/ivan-devops/.rbenv/versions/2.5.3/lib/ruby/gems/2.5.0/gems/devise-4.5.0/app/views/devise/registrations/new.html.erb within layouts/application
  Rendered /home/ivan-devops/.rbenv/versions/2.5.3/lib/ruby/gems/2.5.0/gems/devise-4.5.0/app/views/devise/shared/_links.html.erb (2.7ms)
  Rendered /home/ivan-devops/.rbenv/versions/2.5.3/lib/ruby/gems/2.5.0/gems/devise-4.5.0/app/views/devise/registrations/new.html.erb within layouts/application (37.6ms)
Completed 500 Internal Server Error in 3947ms (ActiveRecord: 3.2ms)


  
ActionView::Template::Error (undefined local variable or method `“Login”' for #<#<Class:0x00005625685b6380>:0x0000562568595518>):
    14:     <!-- <% if current_user %>
    15:       <%= link_to “Logout”, destroy_user_session_path, method: :delete %>
    16:     <% else %>
    17:       <%= link_to “Login”, new_user_session_path %>
    18:     <% end %> -->
    19: 
    20:     <%= yield %>
  
app/views/layouts/application.html.erb:17:in `_app_views_layouts_application_html_erb___3874482019714431574_47359332740300'
Started GET "/users/sign_up" for 127.0.0.1 at 2018-11-08 10:04:46 +0200
  [1m[35m (0.4ms)[0m  [1m[34mSELECT "schema_migrations"."version" FROM "schema_migrations" ORDER BY "schema_migrations"."version" ASC[0m
  ↳ /home/ivan-devops/.rbenv/versions/2.5.3/lib/ruby/gems/2.5.0/gems/activerecord-5.2.1/lib/active_record/log_subscriber.rb:98
Processing by Devise::RegistrationsController#new as HTML
  Rendering /home/ivan-devops/.rbenv/versions/2.5.3/lib/ruby/gems/2.5.0/gems/devise-4.5.0/app/views/devise/registrations/new.html.erb within layouts/application
  Rendered /home/ivan-devops/.rbenv/versions/2.5.3/lib/ruby/gems/2.5.0/gems/devise-4.5.0/app/views/devise/shared/_links.html.erb (5.5ms)
  Rendered /home/ivan-devops/.rbenv/versions/2.5.3/lib/ruby/gems/2.5.0/gems/devise-4.5.0/app/views/devise/registrations/new.html.erb within layouts/application (31.0ms)
Completed 500 Internal Server Error in 3997ms (ActiveRecord: 2.3ms)


  
ActionView::Template::Error (undefined local variable or method `“Login”' for #<#<Class:0x000055f23fdd96b8>:0x000055f23fdd1490>):
    14:     <% if current_user %>
    15:       <%= link_to “Logout”, destroy_user_session_path, method: :delete %>
    16:     <% else %>
    17:       <%= link_to “Login”, new_user_session_path %>
    18:     <% end %>
    19: 
    20:     <%= yield %>
  
app/views/layouts/application.html.erb:17:in `_app_views_layouts_application_html_erb___1353721883038511301_47249470428080'
Started GET "/admin" for 127.0.0.1 at 2018-11-08 10:05:03 +0200
Processing by RailsAdmin::MainController#dashboard as HTML
Completed 500 Internal Server Error in 5ms (ActiveRecord: 0.0ms)


  
NoMethodError (undefined method `admin' for nil:NilClass):
  
config/initializers/rails_admin.rb:4:in `block (2 levels) in <main>'
Started GET "/admin" for 127.0.0.1 at 2018-11-08 10:05:17 +0200
Processing by RailsAdmin::MainController#dashboard as HTML
Completed 500 Internal Server Error in 5ms (ActiveRecord: 0.0ms)


  
NoMethodError (undefined method `admin' for nil:NilClass):
  
config/initializers/rails_admin.rb:4:in `block (2 levels) in <main>'
Started GET "/admin" for 127.0.0.1 at 2018-11-08 10:06:20 +0200
  [1m[35m (0.4ms)[0m  [1m[34mSELECT "schema_migrations"."version" FROM "schema_migrations" ORDER BY "schema_migrations"."version" ASC[0m
  ↳ /home/ivan-devops/.rbenv/versions/2.5.3/lib/ruby/gems/2.5.0/gems/activerecord-5.2.1/lib/active_record/log_subscriber.rb:98
Processing by RailsAdmin::MainController#dashboard as HTML
Completed 500 Internal Server Error in 30ms (ActiveRecord: 0.0ms)


  
NoMethodError (undefined method `admin' for nil:NilClass):
  
config/initializers/rails_admin.rb:4:in `block (2 levels) in <main>'
Started GET "/" for 127.0.0.1 at 2018-11-08 10:09:40 +0200
  [1m[35m (0.4ms)[0m  [1m[34mSELECT "schema_migrations"."version" FROM "schema_migrations" ORDER BY "schema_migrations"."version" ASC[0m
  ↳ /home/ivan-devops/.rbenv/versions/2.5.3/lib/ruby/gems/2.5.0/gems/activerecord-5.2.1/lib/active_record/log_subscriber.rb:98
Processing by HomeController#index as HTML
  Rendering home/index.html.erb within layouts/application
  Rendered home/index.html.erb within layouts/application (3.3ms)
Completed 500 Internal Server Error in 2332ms (ActiveRecord: 0.0ms)


  
ActionView::Template::Error (undefined local variable or method `“Login”' for #<#<Class:0x0000562910ffd590>:0x00005629117ab0d0>):
    14:     <!-- <% if current_user %>
    15:       <%= link_to “Logout”, destroy_user_session_path, method: :delete %>
    16:     <% else %>
    17:       <%= link_to “Login”, new_user_session_path %>
    18:     <% end %> -->
    19: 
    20:     <%= yield %>
  
app/views/layouts/application.html.erb:17:in `_app_views_layouts_application_html_erb__51102008248149138_47367197686720'
Started GET "/admin" for 127.0.0.1 at 2018-11-08 10:10:12 +0200
Processing by RailsAdmin::MainController#dashboard as HTML
Completed 500 Internal Server Error in 5ms (ActiveRecord: 0.0ms)


  
NoMethodError (undefined method `admin' for nil:NilClass):
  
config/initializers/rails_admin.rb:4:in `block (2 levels) in <main>'
Started GET "/admin" for 127.0.0.1 at 2018-11-10 11:35:55 +0200
  [1m[35m (0.4ms)[0m  [1m[34mSELECT "schema_migrations"."version" FROM "schema_migrations" ORDER BY "schema_migrations"."version" ASC[0m
  ↳ /home/ivan-devops/.rbenv/versions/2.5.3/lib/ruby/gems/2.5.0/gems/activerecord-5.2.1/lib/active_record/log_subscriber.rb:98
Processing by RailsAdmin::MainController#dashboard as HTML
Completed 500 Internal Server Error in 58ms (ActiveRecord: 0.0ms)


  
NoMethodError (undefined method `is_admin?' for nil:NilClass
Did you mean?  is_haml?):
  
config/initializers/rails_admin.rb:5:in `block (2 levels) in <main>'
Started GET "/users" for 127.0.0.1 at 2018-11-10 11:36:31 +0200
  
ActionController::RoutingError (No route matches [GET] "/users"):
  
actionpack (5.2.1) lib/action_dispatch/middleware/debug_exceptions.rb:65:in `call'
web-console (3.7.0) lib/web_console/middleware.rb:135:in `call_app'
web-console (3.7.0) lib/web_console/middleware.rb:30:in `block in call'
web-console (3.7.0) lib/web_console/middleware.rb:20:in `catch'
web-console (3.7.0) lib/web_console/middleware.rb:20:in `call'
actionpack (5.2.1) lib/action_dispatch/middleware/show_exceptions.rb:33:in `call'
railties (5.2.1) lib/rails/rack/logger.rb:38:in `call_app'
railties (5.2.1) lib/rails/rack/logger.rb:26:in `block in call'
activesupport (5.2.1) lib/active_support/tagged_logging.rb:71:in `block in tagged'
activesupport (5.2.1) lib/active_support/tagged_logging.rb:28:in `tagged'
activesupport (5.2.1) lib/active_support/tagged_logging.rb:71:in `tagged'
railties (5.2.1) lib/rails/rack/logger.rb:26:in `call'
sprockets-rails (3.2.1) lib/sprockets/rails/quiet_assets.rb:13:in `call'
actionpack (5.2.1) lib/action_dispatch/middleware/remote_ip.rb:81:in `call'
actionpack (5.2.1) lib/action_dispatch/middleware/request_id.rb:27:in `call'
rack (2.0.6) lib/rack/method_override.rb:22:in `call'
rack (2.0.6) lib/rack/runtime.rb:22:in `call'
activesupport (5.2.1) lib/active_support/cache/strategy/local_cache_middleware.rb:29:in `call'
actionpack (5.2.1) lib/action_dispatch/middleware/executor.rb:14:in `call'
actionpack (5.2.1) lib/action_dispatch/middleware/static.rb:127:in `call'
rack (2.0.6) lib/rack/sendfile.rb:111:in `call'
railties (5.2.1) lib/rails/engine.rb:524:in `call'
puma (3.12.0) lib/puma/configuration.rb:225:in `call'
puma (3.12.0) lib/puma/server.rb:658:in `handle_request'
puma (3.12.0) lib/puma/server.rb:472:in `process_client'
puma (3.12.0) lib/puma/server.rb:332:in `block in run'
puma (3.12.0) lib/puma/thread_pool.rb:133:in `block in spawn_thread'
Started GET "/users/sign_up" for 127.0.0.1 at 2018-11-10 11:37:05 +0200
Processing by Devise::RegistrationsController#new as HTML
  Rendering /home/ivan-devops/.rbenv/versions/2.5.3/lib/ruby/gems/2.5.0/gems/devise-4.5.0/app/views/devise/registrations/new.html.erb within layouts/application
  Rendered /home/ivan-devops/.rbenv/versions/2.5.3/lib/ruby/gems/2.5.0/gems/devise-4.5.0/app/views/devise/shared/_links.html.erb (4.9ms)
  Rendered /home/ivan-devops/.rbenv/versions/2.5.3/lib/ruby/gems/2.5.0/gems/devise-4.5.0/app/views/devise/registrations/new.html.erb within layouts/application (72.7ms)
Completed 500 Internal Server Error in 6205ms (ActiveRecord: 13.9ms)


  
ActionView::Template::Error (undefined local variable or method `“Login”' for #<#<Class:0x00007f38b05b5988>:0x00007f38b05a7e78>):
    14:     <!-- <% if current_user %>
    15:       <%= link_to “Logout”, destroy_user_session_path, method: :delete %>
    16:     <% else %>
    17:       <%= link_to “Login”, new_user_session_path %>
    18:     <% end %> -->
    19: 
    20:     <%= yield %>
  
app/views/layouts/application.html.erb:17:in `_app_views_layouts_application_html_erb__885935104714859316_69940726914880'
Started GET "/users/sign_up" for 127.0.0.1 at 2018-11-10 11:37:12 +0200
Processing by Devise::RegistrationsController#new as HTML
  Rendering /home/ivan-devops/.rbenv/versions/2.5.3/lib/ruby/gems/2.5.0/gems/devise-4.5.0/app/views/devise/registrations/new.html.erb within layouts/application
  Rendered /home/ivan-devops/.rbenv/versions/2.5.3/lib/ruby/gems/2.5.0/gems/devise-4.5.0/app/views/devise/shared/_links.html.erb (2.9ms)
  Rendered /home/ivan-devops/.rbenv/versions/2.5.3/lib/ruby/gems/2.5.0/gems/devise-4.5.0/app/views/devise/registrations/new.html.erb within layouts/application (19.2ms)
Completed 500 Internal Server Error in 5063ms (ActiveRecord: 0.0ms)


  
ActionView::Template::Error (undefined local variable or method `“Login”' for #<#<Class:0x00007f38b05b5988>:0x0000558a04917560>):
    14:     <!-- <% if current_user %>
    15:       <%= link_to “Logout”, destroy_user_session_path, method: :delete %>
    16:     <% else %>
    17:       <%= link_to “Login”, new_user_session_path %>
    18:     <% end %> -->
    19: 
    20:     <%= yield %>
  
app/views/layouts/application.html.erb:17:in `_app_views_layouts_application_html_erb__885935104714859316_47025633358660'
Started GET "/users/sign_up" for 127.0.0.1 at 2018-11-10 11:38:16 +0200
  [1m[35m (0.4ms)[0m  [1m[34mSELECT "schema_migrations"."version" FROM "schema_migrations" ORDER BY "schema_migrations"."version" ASC[0m
  ↳ /home/ivan-devops/.rbenv/versions/2.5.3/lib/ruby/gems/2.5.0/gems/activerecord-5.2.1/lib/active_record/log_subscriber.rb:98
Processing by Devise::RegistrationsController#new as HTML
  Rendering /home/ivan-devops/.rbenv/versions/2.5.3/lib/ruby/gems/2.5.0/gems/devise-4.5.0/app/views/devise/registrations/new.html.erb within layouts/application
  Rendered /home/ivan-devops/.rbenv/versions/2.5.3/lib/ruby/gems/2.5.0/gems/devise-4.5.0/app/views/devise/shared/_links.html.erb (3.6ms)
  Rendered /home/ivan-devops/.rbenv/versions/2.5.3/lib/ruby/gems/2.5.0/gems/devise-4.5.0/app/views/devise/registrations/new.html.erb within layouts/application (40.4ms)
Completed 500 Internal Server Error in 5017ms (ActiveRecord: 3.0ms)


  
ActionView::Template::Error (undefined local variable or method `“Login”' for #<#<Class:0x0000558d96110340>:0x0000558d960d5560>):
    14:     <!-- <% if current_user %>
    15:       <%= link_to “Logout”, destroy_user_session_path, method: :delete %>
    16:     <% else %>
    17:       <%= link_to “Login”, new_user_session_path %>
    18:     <% end %> -->
    19: 
    20:     <%= yield %>
  
app/views/layouts/application.html.erb:17:in `_app_views_layouts_application_html_erb__23204843174304882_47033297299840'
Started GET "/admin" for 127.0.0.1 at 2018-11-10 11:38:31 +0200
Processing by RailsAdmin::MainController#dashboard as HTML
Completed 500 Internal Server Error in 7ms (ActiveRecord: 0.0ms)


  
NoMethodError (undefined method `is_admin?' for nil:NilClass
Did you mean?  is_haml?):
  
config/initializers/rails_admin.rb:5:in `block (2 levels) in <main>'
Started GET "/admin" for 127.0.0.1 at 2018-11-10 11:39:12 +0200
  [1m[35m (0.4ms)[0m  [1m[34mSELECT "schema_migrations"."version" FROM "schema_migrations" ORDER BY "schema_migrations"."version" ASC[0m
  ↳ /home/ivan-devops/.rbenv/versions/2.5.3/lib/ruby/gems/2.5.0/gems/activerecord-5.2.1/lib/active_record/log_subscriber.rb:98
Processing by RailsAdmin::MainController#dashboard as HTML
Completed 500 Internal Server Error in 41ms (ActiveRecord: 0.0ms)


  
NoMethodError (undefined method `admin' for nil:NilClass):
  
config/initializers/rails_admin.rb:4:in `block (2 levels) in <main>'
Started GET "/admin" for 127.0.0.1 at 2018-11-10 11:46:24 +0200
  [1m[35m (0.5ms)[0m  [1m[34mSELECT "schema_migrations"."version" FROM "schema_migrations" ORDER BY "schema_migrations"."version" ASC[0m
  ↳ /home/ivan-devops/.rbenv/versions/2.5.3/lib/ruby/gems/2.5.0/gems/activerecord-5.2.1/lib/active_record/log_subscriber.rb:98
Processing by RailsAdmin::MainController#dashboard as HTML
Completed 500 Internal Server Error in 38ms (ActiveRecord: 0.0ms)


  
NoMethodError (undefined method `admin' for nil:NilClass):
  
config/initializers/rails_admin.rb:4:in `block (2 levels) in <main>'
Started GET "/" for 127.0.0.1 at 2018-11-10 11:46:37 +0200
Processing by HomeController#index as HTML
  Rendering home/index.html.erb within layouts/application
  Rendered home/index.html.erb within layouts/application (0.7ms)
Completed 500 Internal Server Error in 3476ms (ActiveRecord: 0.0ms)


  
ActionView::Template::Error (undefined local variable or method `“Login”' for #<#<Class:0x0000560bcf9e3a28>:0x0000560bcfa16cc0>):
    14:     <!-- <% if current_user %>
    15:       <%= link_to “Logout”, destroy_user_session_path, method: :delete %>
    16:     <% else %>
    17:       <%= link_to “Login”, new_user_session_path %>
    18:     <% end %> -->
    19: 
    20:     <%= yield %>
  
app/views/layouts/application.html.erb:17:in `_app_views_layouts_application_html_erb__2794932538602862103_47304364559420'
Started GET "/" for 127.0.0.1 at 2018-11-10 11:47:27 +0200
  [1m[35m (0.4ms)[0m  [1m[34mSELECT "schema_migrations"."version" FROM "schema_migrations" ORDER BY "schema_migrations"."version" ASC[0m
  ↳ /home/ivan-devops/.rbenv/versions/2.5.3/lib/ruby/gems/2.5.0/gems/activerecord-5.2.1/lib/active_record/log_subscriber.rb:98
Processing by HomeController#index as HTML
  Rendering home/index.html.erb within layouts/application
  Rendered home/index.html.erb within layouts/application (1.4ms)
Completed 500 Internal Server Error in 3107ms (ActiveRecord: 0.0ms)


  
ActionView::Template::Error (undefined local variable or method `“Login”' for #<#<Class:0x000055e256de5a10>:0x000055e256d87af0>):
    14:     <% if current_user %>
    15:       <%= link_to “Logout”, destroy_user_session_path, method: :delete %>
    16:     <% else %>
    17:       <%= link_to “Login”, new_user_session_path %>
    18:     <% end %>
    19: 
    20:     <%= yield %>
  
app/views/layouts/application.html.erb:17:in `_app_views_layouts_application_html_erb__2933076888862307426_47215299982580'
Started POST "/__web_console/repl_sessions/37ee7a6cdbfdd61eca8e94a5f874c26c/trace" for 127.0.0.1 at 2018-11-10 11:47:44 +0200
Started POST "/__web_console/repl_sessions/37ee7a6cdbfdd61eca8e94a5f874c26c/trace" for 127.0.0.1 at 2018-11-10 11:47:46 +0200
Started POST "/__web_console/repl_sessions/37ee7a6cdbfdd61eca8e94a5f874c26c/trace" for 127.0.0.1 at 2018-11-10 11:47:49 +0200
Started POST "/__web_console/repl_sessions/37ee7a6cdbfdd61eca8e94a5f874c26c/trace" for 127.0.0.1 at 2018-11-10 11:47:50 +0200
Started GET "/users" for 127.0.0.1 at 2018-11-10 11:48:02 +0200
  
ActionController::RoutingError (No route matches [GET] "/users"):
  
actionpack (5.2.1) lib/action_dispatch/middleware/debug_exceptions.rb:65:in `call'
web-console (3.7.0) lib/web_console/middleware.rb:135:in `call_app'
web-console (3.7.0) lib/web_console/middleware.rb:30:in `block in call'
web-console (3.7.0) lib/web_console/middleware.rb:20:in `catch'
web-console (3.7.0) lib/web_console/middleware.rb:20:in `call'
actionpack (5.2.1) lib/action_dispatch/middleware/show_exceptions.rb:33:in `call'
railties (5.2.1) lib/rails/rack/logger.rb:38:in `call_app'
railties (5.2.1) lib/rails/rack/logger.rb:26:in `block in call'
activesupport (5.2.1) lib/active_support/tagged_logging.rb:71:in `block in tagged'
activesupport (5.2.1) lib/active_support/tagged_logging.rb:28:in `tagged'
activesupport (5.2.1) lib/active_support/tagged_logging.rb:71:in `tagged'
railties (5.2.1) lib/rails/rack/logger.rb:26:in `call'
sprockets-rails (3.2.1) lib/sprockets/rails/quiet_assets.rb:13:in `call'
actionpack (5.2.1) lib/action_dispatch/middleware/remote_ip.rb:81:in `call'
actionpack (5.2.1) lib/action_dispatch/middleware/request_id.rb:27:in `call'
rack (2.0.6) lib/rack/method_override.rb:22:in `call'
rack (2.0.6) lib/rack/runtime.rb:22:in `call'
activesupport (5.2.1) lib/active_support/cache/strategy/local_cache_middleware.rb:29:in `call'
actionpack (5.2.1) lib/action_dispatch/middleware/executor.rb:14:in `call'
actionpack (5.2.1) lib/action_dispatch/middleware/static.rb:127:in `call'
rack (2.0.6) lib/rack/sendfile.rb:111:in `call'
railties (5.2.1) lib/rails/engine.rb:524:in `call'
puma (3.12.0) lib/puma/configuration.rb:225:in `call'
puma (3.12.0) lib/puma/server.rb:658:in `handle_request'
puma (3.12.0) lib/puma/server.rb:472:in `process_client'
puma (3.12.0) lib/puma/server.rb:332:in `block in run'
puma (3.12.0) lib/puma/thread_pool.rb:133:in `block in spawn_thread'
Started GET "/users/1" for 127.0.0.1 at 2018-11-10 11:48:12 +0200
  
ActionController::RoutingError (No route matches [GET] "/users/1"):
  
actionpack (5.2.1) lib/action_dispatch/middleware/debug_exceptions.rb:65:in `call'
web-console (3.7.0) lib/web_console/middleware.rb:135:in `call_app'
web-console (3.7.0) lib/web_console/middleware.rb:30:in `block in call'
web-console (3.7.0) lib/web_console/middleware.rb:20:in `catch'
web-console (3.7.0) lib/web_console/middleware.rb:20:in `call'
actionpack (5.2.1) lib/action_dispatch/middleware/show_exceptions.rb:33:in `call'
railties (5.2.1) lib/rails/rack/logger.rb:38:in `call_app'
railties (5.2.1) lib/rails/rack/logger.rb:26:in `block in call'
activesupport (5.2.1) lib/active_support/tagged_logging.rb:71:in `block in tagged'
activesupport (5.2.1) lib/active_support/tagged_logging.rb:28:in `tagged'
activesupport (5.2.1) lib/active_support/tagged_logging.rb:71:in `tagged'
railties (5.2.1) lib/rails/rack/logger.rb:26:in `call'
sprockets-rails (3.2.1) lib/sprockets/rails/quiet_assets.rb:13:in `call'
actionpack (5.2.1) lib/action_dispatch/middleware/remote_ip.rb:81:in `call'
actionpack (5.2.1) lib/action_dispatch/middleware/request_id.rb:27:in `call'
rack (2.0.6) lib/rack/method_override.rb:22:in `call'
rack (2.0.6) lib/rack/runtime.rb:22:in `call'
activesupport (5.2.1) lib/active_support/cache/strategy/local_cache_middleware.rb:29:in `call'
actionpack (5.2.1) lib/action_dispatch/middleware/executor.rb:14:in `call'
actionpack (5.2.1) lib/action_dispatch/middleware/static.rb:127:in `call'
rack (2.0.6) lib/rack/sendfile.rb:111:in `call'
railties (5.2.1) lib/rails/engine.rb:524:in `call'
puma (3.12.0) lib/puma/configuration.rb:225:in `call'
puma (3.12.0) lib/puma/server.rb:658:in `handle_request'
puma (3.12.0) lib/puma/server.rb:472:in `process_client'
puma (3.12.0) lib/puma/server.rb:332:in `block in run'
puma (3.12.0) lib/puma/thread_pool.rb:133:in `block in spawn_thread'
Started GET "/users/sign_in" for 127.0.0.1 at 2018-11-10 11:48:28 +0200
Processing by Devise::SessionsController#new as HTML
  Rendering /home/ivan-devops/.rbenv/versions/2.5.3/lib/ruby/gems/2.5.0/gems/devise-4.5.0/app/views/devise/sessions/new.html.erb within layouts/application
  Rendered /home/ivan-devops/.rbenv/versions/2.5.3/lib/ruby/gems/2.5.0/gems/devise-4.5.0/app/views/devise/shared/_links.html.erb (5.0ms)
  Rendered /home/ivan-devops/.rbenv/versions/2.5.3/lib/ruby/gems/2.5.0/gems/devise-4.5.0/app/views/devise/sessions/new.html.erb within layouts/application (54.8ms)
Completed 500 Internal Server Error in 4259ms (ActiveRecord: 5.9ms)


  
ActionView::Template::Error (undefined local variable or method `“Login”' for #<#<Class:0x00007f20b524c7f0>:0x00007f20b5272ae0>):
    14:     <% if current_user %>
    15:       <%= link_to “Logout”, destroy_user_session_path, method: :delete %>
    16:     <% else %>
    17:       <%= link_to “Login”, new_user_session_path %>
    18:     <% end %>
    19: 
    20:     <%= yield %>
  
app/views/layouts/application.html.erb:17:in `_app_views_layouts_application_html_erb__2933076888862307426_69889227861540'
Started GET "/users/sign_in" for 127.0.0.1 at 2018-11-10 11:50:11 +0200
  [1m[35m (0.4ms)[0m  [1m[34mSELECT "schema_migrations"."version" FROM "schema_migrations" ORDER BY "schema_migrations"."version" ASC[0m
  ↳ /home/ivan-devops/.rbenv/versions/2.5.3/lib/ruby/gems/2.5.0/gems/activerecord-5.2.1/lib/active_record/log_subscriber.rb:98
Processing by Devise::SessionsController#new as HTML
  Rendering /home/ivan-devops/.rbenv/versions/2.5.3/lib/ruby/gems/2.5.0/gems/devise-4.5.0/app/views/devise/sessions/new.html.erb within layouts/application
  Rendered /home/ivan-devops/.rbenv/versions/2.5.3/lib/ruby/gems/2.5.0/gems/devise-4.5.0/app/views/devise/shared/_links.html.erb (5.3ms)
  Rendered /home/ivan-devops/.rbenv/versions/2.5.3/lib/ruby/gems/2.5.0/gems/devise-4.5.0/app/views/devise/sessions/new.html.erb within layouts/application (45.8ms)
Completed 500 Internal Server Error in 5736ms (ActiveRecord: 11.4ms)


  
ActionView::Template::Error (undefined local variable or method `“Login”' for #<#<Class:0x00005564ce22d2f0>:0x00005564ce1cde68>):
    14:     <% if current_user %>
    15:       <%= link_to “Logout”, destroy_user_session_path, method: :delete %>
    16:     <% else %>
    17:       <%= link_to “Login”, new_user_session_path %>
    18:     <% end %>
    19: 
    20:     <%= yield %>
  
app/views/layouts/application.html.erb:17:in `_app_views_layouts_application_html_erb__3396449692112719071_46945720781820'
Started GET "/" for 127.0.0.1 at 2018-11-10 11:50:27 +0200
Processing by HomeController#index as HTML
  Rendering home/index.html.erb within layouts/application
  Rendered home/index.html.erb within layouts/application (1.3ms)
Completed 500 Internal Server Error in 1674ms (ActiveRecord: 0.0ms)


  
ActionView::Template::Error (undefined local variable or method `“Login”' for #<#<Class:0x00007f4fc0f54a58>:0x00007f4fc0f77120>):
    14:     <% if current_user %>
    15:       <%= link_to “Logout”, destroy_user_session_path, method: :delete %>
    16:     <% else %>
    17:       <%= link_to “Login”, new_user_session_path %>
    18:     <% end %>
    19: 
    20:     <%= yield %>
  
app/views/layouts/application.html.erb:17:in `_app_views_layouts_application_html_erb__3396449692112719071_69990258437820'
Started GET "/users/" for 127.0.0.1 at 2018-11-10 11:50:46 +0200
  
ActionController::RoutingError (No route matches [GET] "/users"):
  
actionpack (5.2.1) lib/action_dispatch/middleware/debug_exceptions.rb:65:in `call'
web-console (3.7.0) lib/web_console/middleware.rb:135:in `call_app'
web-console (3.7.0) lib/web_console/middleware.rb:30:in `block in call'
web-console (3.7.0) lib/web_console/middleware.rb:20:in `catch'
web-console (3.7.0) lib/web_console/middleware.rb:20:in `call'
actionpack (5.2.1) lib/action_dispatch/middleware/show_exceptions.rb:33:in `call'
railties (5.2.1) lib/rails/rack/logger.rb:38:in `call_app'
railties (5.2.1) lib/rails/rack/logger.rb:26:in `block in call'
activesupport (5.2.1) lib/active_support/tagged_logging.rb:71:in `block in tagged'
activesupport (5.2.1) lib/active_support/tagged_logging.rb:28:in `tagged'
activesupport (5.2.1) lib/active_support/tagged_logging.rb:71:in `tagged'
railties (5.2.1) lib/rails/rack/logger.rb:26:in `call'
sprockets-rails (3.2.1) lib/sprockets/rails/quiet_assets.rb:13:in `call'
actionpack (5.2.1) lib/action_dispatch/middleware/remote_ip.rb:81:in `call'
actionpack (5.2.1) lib/action_dispatch/middleware/request_id.rb:27:in `call'
rack (2.0.6) lib/rack/method_override.rb:22:in `call'
rack (2.0.6) lib/rack/runtime.rb:22:in `call'
activesupport (5.2.1) lib/active_support/cache/strategy/local_cache_middleware.rb:29:in `call'
actionpack (5.2.1) lib/action_dispatch/middleware/executor.rb:14:in `call'
actionpack (5.2.1) lib/action_dispatch/middleware/static.rb:127:in `call'
rack (2.0.6) lib/rack/sendfile.rb:111:in `call'
railties (5.2.1) lib/rails/engine.rb:524:in `call'
puma (3.12.0) lib/puma/configuration.rb:225:in `call'
puma (3.12.0) lib/puma/server.rb:658:in `handle_request'
puma (3.12.0) lib/puma/server.rb:472:in `process_client'
puma (3.12.0) lib/puma/server.rb:332:in `block in run'
puma (3.12.0) lib/puma/thread_pool.rb:133:in `block in spawn_thread'
Started GET "/users/sign_out" for 127.0.0.1 at 2018-11-10 11:51:01 +0200
  
ActionController::RoutingError (No route matches [GET] "/users/sign_out"):
  
actionpack (5.2.1) lib/action_dispatch/middleware/debug_exceptions.rb:65:in `call'
web-console (3.7.0) lib/web_console/middleware.rb:135:in `call_app'
web-console (3.7.0) lib/web_console/middleware.rb:30:in `block in call'
web-console (3.7.0) lib/web_console/middleware.rb:20:in `catch'
web-console (3.7.0) lib/web_console/middleware.rb:20:in `call'
actionpack (5.2.1) lib/action_dispatch/middleware/show_exceptions.rb:33:in `call'
railties (5.2.1) lib/rails/rack/logger.rb:38:in `call_app'
railties (5.2.1) lib/rails/rack/logger.rb:26:in `block in call'
activesupport (5.2.1) lib/active_support/tagged_logging.rb:71:in `block in tagged'
activesupport (5.2.1) lib/active_support/tagged_logging.rb:28:in `tagged'
activesupport (5.2.1) lib/active_support/tagged_logging.rb:71:in `tagged'
railties (5.2.1) lib/rails/rack/logger.rb:26:in `call'
sprockets-rails (3.2.1) lib/sprockets/rails/quiet_assets.rb:13:in `call'
actionpack (5.2.1) lib/action_dispatch/middleware/remote_ip.rb:81:in `call'
actionpack (5.2.1) lib/action_dispatch/middleware/request_id.rb:27:in `call'
rack (2.0.6) lib/rack/method_override.rb:22:in `call'
rack (2.0.6) lib/rack/runtime.rb:22:in `call'
activesupport (5.2.1) lib/active_support/cache/strategy/local_cache_middleware.rb:29:in `call'
actionpack (5.2.1) lib/action_dispatch/middleware/executor.rb:14:in `call'
actionpack (5.2.1) lib/action_dispatch/middleware/static.rb:127:in `call'
rack (2.0.6) lib/rack/sendfile.rb:111:in `call'
railties (5.2.1) lib/rails/engine.rb:524:in `call'
puma (3.12.0) lib/puma/configuration.rb:225:in `call'
puma (3.12.0) lib/puma/server.rb:658:in `handle_request'
puma (3.12.0) lib/puma/server.rb:472:in `process_client'
puma (3.12.0) lib/puma/server.rb:332:in `block in run'
puma (3.12.0) lib/puma/thread_pool.rb:133:in `block in spawn_thread'
Started GET "/users" for 127.0.0.1 at 2018-11-10 11:51:31 +0200
  
ActionController::RoutingError (No route matches [GET] "/users"):
  
actionpack (5.2.1) lib/action_dispatch/middleware/debug_exceptions.rb:65:in `call'
web-console (3.7.0) lib/web_console/middleware.rb:135:in `call_app'
web-console (3.7.0) lib/web_console/middleware.rb:30:in `block in call'
web-console (3.7.0) lib/web_console/middleware.rb:20:in `catch'
web-console (3.7.0) lib/web_console/middleware.rb:20:in `call'
actionpack (5.2.1) lib/action_dispatch/middleware/show_exceptions.rb:33:in `call'
railties (5.2.1) lib/rails/rack/logger.rb:38:in `call_app'
railties (5.2.1) lib/rails/rack/logger.rb:26:in `block in call'
activesupport (5.2.1) lib/active_support/tagged_logging.rb:71:in `block in tagged'
activesupport (5.2.1) lib/active_support/tagged_logging.rb:28:in `tagged'
activesupport (5.2.1) lib/active_support/tagged_logging.rb:71:in `tagged'
railties (5.2.1) lib/rails/rack/logger.rb:26:in `call'
sprockets-rails (3.2.1) lib/sprockets/rails/quiet_assets.rb:13:in `call'
actionpack (5.2.1) lib/action_dispatch/middleware/remote_ip.rb:81:in `call'
actionpack (5.2.1) lib/action_dispatch/middleware/request_id.rb:27:in `call'
rack (2.0.6) lib/rack/method_override.rb:22:in `call'
rack (2.0.6) lib/rack/runtime.rb:22:in `call'
activesupport (5.2.1) lib/active_support/cache/strategy/local_cache_middleware.rb:29:in `call'
actionpack (5.2.1) lib/action_dispatch/middleware/executor.rb:14:in `call'
actionpack (5.2.1) lib/action_dispatch/middleware/static.rb:127:in `call'
rack (2.0.6) lib/rack/sendfile.rb:111:in `call'
railties (5.2.1) lib/rails/engine.rb:524:in `call'
puma (3.12.0) lib/puma/configuration.rb:225:in `call'
puma (3.12.0) lib/puma/server.rb:658:in `handle_request'
puma (3.12.0) lib/puma/server.rb:472:in `process_client'
puma (3.12.0) lib/puma/server.rb:332:in `block in run'
puma (3.12.0) lib/puma/thread_pool.rb:133:in `block in spawn_thread'
Started GET "/users/create" for 127.0.0.1 at 2018-11-10 11:52:28 +0200
  
ActionController::RoutingError (No route matches [GET] "/users/create"):
  
actionpack (5.2.1) lib/action_dispatch/middleware/debug_exceptions.rb:65:in `call'
web-console (3.7.0) lib/web_console/middleware.rb:135:in `call_app'
web-console (3.7.0) lib/web_console/middleware.rb:30:in `block in call'
web-console (3.7.0) lib/web_console/middleware.rb:20:in `catch'
web-console (3.7.0) lib/web_console/middleware.rb:20:in `call'
actionpack (5.2.1) lib/action_dispatch/middleware/show_exceptions.rb:33:in `call'
railties (5.2.1) lib/rails/rack/logger.rb:38:in `call_app'
railties (5.2.1) lib/rails/rack/logger.rb:26:in `block in call'
activesupport (5.2.1) lib/active_support/tagged_logging.rb:71:in `block in tagged'
activesupport (5.2.1) lib/active_support/tagged_logging.rb:28:in `tagged'
activesupport (5.2.1) lib/active_support/tagged_logging.rb:71:in `tagged'
railties (5.2.1) lib/rails/rack/logger.rb:26:in `call'
sprockets-rails (3.2.1) lib/sprockets/rails/quiet_assets.rb:13:in `call'
actionpack (5.2.1) lib/action_dispatch/middleware/remote_ip.rb:81:in `call'
actionpack (5.2.1) lib/action_dispatch/middleware/request_id.rb:27:in `call'
rack (2.0.6) lib/rack/method_override.rb:22:in `call'
rack (2.0.6) lib/rack/runtime.rb:22:in `call'
activesupport (5.2.1) lib/active_support/cache/strategy/local_cache_middleware.rb:29:in `call'
actionpack (5.2.1) lib/action_dispatch/middleware/executor.rb:14:in `call'
actionpack (5.2.1) lib/action_dispatch/middleware/static.rb:127:in `call'
rack (2.0.6) lib/rack/sendfile.rb:111:in `call'
railties (5.2.1) lib/rails/engine.rb:524:in `call'
puma (3.12.0) lib/puma/configuration.rb:225:in `call'
puma (3.12.0) lib/puma/server.rb:658:in `handle_request'
puma (3.12.0) lib/puma/server.rb:472:in `process_client'
puma (3.12.0) lib/puma/server.rb:332:in `block in run'
puma (3.12.0) lib/puma/thread_pool.rb:133:in `block in spawn_thread'
Started GET "/users/devise/registrations" for 127.0.0.1 at 2018-11-10 11:53:26 +0200
  
ActionController::RoutingError (No route matches [GET] "/users/devise/registrations"):
  
actionpack (5.2.1) lib/action_dispatch/middleware/debug_exceptions.rb:65:in `call'
web-console (3.7.0) lib/web_console/middleware.rb:135:in `call_app'
web-console (3.7.0) lib/web_console/middleware.rb:30:in `block in call'
web-console (3.7.0) lib/web_console/middleware.rb:20:in `catch'
web-console (3.7.0) lib/web_console/middleware.rb:20:in `call'
actionpack (5.2.1) lib/action_dispatch/middleware/show_exceptions.rb:33:in `call'
railties (5.2.1) lib/rails/rack/logger.rb:38:in `call_app'
railties (5.2.1) lib/rails/rack/logger.rb:26:in `block in call'
activesupport (5.2.1) lib/active_support/tagged_logging.rb:71:in `block in tagged'
activesupport (5.2.1) lib/active_support/tagged_logging.rb:28:in `tagged'
activesupport (5.2.1) lib/active_support/tagged_logging.rb:71:in `tagged'
railties (5.2.1) lib/rails/rack/logger.rb:26:in `call'
sprockets-rails (3.2.1) lib/sprockets/rails/quiet_assets.rb:13:in `call'
actionpack (5.2.1) lib/action_dispatch/middleware/remote_ip.rb:81:in `call'
actionpack (5.2.1) lib/action_dispatch/middleware/request_id.rb:27:in `call'
rack (2.0.6) lib/rack/method_override.rb:22:in `call'
rack (2.0.6) lib/rack/runtime.rb:22:in `call'
activesupport (5.2.1) lib/active_support/cache/strategy/local_cache_middleware.rb:29:in `call'
actionpack (5.2.1) lib/action_dispatch/middleware/executor.rb:14:in `call'
actionpack (5.2.1) lib/action_dispatch/middleware/static.rb:127:in `call'
rack (2.0.6) lib/rack/sendfile.rb:111:in `call'
railties (5.2.1) lib/rails/engine.rb:524:in `call'
puma (3.12.0) lib/puma/configuration.rb:225:in `call'
puma (3.12.0) lib/puma/server.rb:658:in `handle_request'
puma (3.12.0) lib/puma/server.rb:472:in `process_client'
puma (3.12.0) lib/puma/server.rb:332:in `block in run'
puma (3.12.0) lib/puma/thread_pool.rb:133:in `block in spawn_thread'
Started GET "/" for 127.0.0.1 at 2018-11-10 11:54:23 +0200
  [1m[35m (0.4ms)[0m  [1m[34mSELECT "schema_migrations"."version" FROM "schema_migrations" ORDER BY "schema_migrations"."version" ASC[0m
  ↳ /home/ivan-devops/.rbenv/versions/2.5.3/lib/ruby/gems/2.5.0/gems/activerecord-5.2.1/lib/active_record/log_subscriber.rb:98
Processing by HomeController#index as HTML
  Rendering home/index.html.erb within layouts/application
  Rendered home/index.html.erb within layouts/application (4.3ms)
Completed 500 Internal Server Error in 3267ms (ActiveRecord: 0.0ms)


  
ActionView::Template::Error (undefined local variable or method `“Login”' for #<#<Class:0x00005616fd56e090>:0x00005616fd5510d0>):
    14:     <% if current_user %>
    15:       <%= link_to “Logout”, destroy_user_session_path, method: :delete %>
    16:     <% else %>
    17:       <%= link_to “Login”, new_user_session_path %>
    18:     <% end %>
    19: 
    20:     <%= yield %>
  
app/views/layouts/application.html.erb:17:in `_app_views_layouts_application_html_erb___587490474717349208_47328369243880'
Started GET "/new" for 127.0.0.1 at 2018-11-10 11:59:11 +0200
  [1m[35m (0.4ms)[0m  [1m[34mSELECT "schema_migrations"."version" FROM "schema_migrations" ORDER BY "schema_migrations"."version" ASC[0m
  ↳ /home/ivan-devops/.rbenv/versions/2.5.3/lib/ruby/gems/2.5.0/gems/activerecord-5.2.1/lib/active_record/log_subscriber.rb:98
  
ActionController::RoutingError (No route matches [GET] "/new"):
  
actionpack (5.2.1) lib/action_dispatch/middleware/debug_exceptions.rb:65:in `call'
web-console (3.7.0) lib/web_console/middleware.rb:135:in `call_app'
web-console (3.7.0) lib/web_console/middleware.rb:30:in `block in call'
web-console (3.7.0) lib/web_console/middleware.rb:20:in `catch'
web-console (3.7.0) lib/web_console/middleware.rb:20:in `call'
actionpack (5.2.1) lib/action_dispatch/middleware/show_exceptions.rb:33:in `call'
railties (5.2.1) lib/rails/rack/logger.rb:38:in `call_app'
railties (5.2.1) lib/rails/rack/logger.rb:26:in `block in call'
activesupport (5.2.1) lib/active_support/tagged_logging.rb:71:in `block in tagged'
activesupport (5.2.1) lib/active_support/tagged_logging.rb:28:in `tagged'
activesupport (5.2.1) lib/active_support/tagged_logging.rb:71:in `tagged'
railties (5.2.1) lib/rails/rack/logger.rb:26:in `call'
sprockets-rails (3.2.1) lib/sprockets/rails/quiet_assets.rb:13:in `call'
actionpack (5.2.1) lib/action_dispatch/middleware/remote_ip.rb:81:in `call'
actionpack (5.2.1) lib/action_dispatch/middleware/request_id.rb:27:in `call'
rack (2.0.6) lib/rack/method_override.rb:22:in `call'
rack (2.0.6) lib/rack/runtime.rb:22:in `call'
activesupport (5.2.1) lib/active_support/cache/strategy/local_cache_middleware.rb:29:in `call'
actionpack (5.2.1) lib/action_dispatch/middleware/executor.rb:14:in `call'
actionpack (5.2.1) lib/action_dispatch/middleware/static.rb:127:in `call'
rack (2.0.6) lib/rack/sendfile.rb:111:in `call'
railties (5.2.1) lib/rails/engine.rb:524:in `call'
puma (3.12.0) lib/puma/configuration.rb:225:in `call'
puma (3.12.0) lib/puma/server.rb:658:in `handle_request'
puma (3.12.0) lib/puma/server.rb:472:in `process_client'
puma (3.12.0) lib/puma/server.rb:332:in `block in run'
puma (3.12.0) lib/puma/thread_pool.rb:133:in `block in spawn_thread'
Started GET "/users" for 127.0.0.1 at 2018-11-10 12:01:59 +0200
  [1m[35m (13.1ms)[0m  [1m[34mSELECT "schema_migrations"."version" FROM "schema_migrations" ORDER BY "schema_migrations"."version" ASC[0m
  ↳ /home/ivan-devops/.rbenv/versions/2.5.3/lib/ruby/gems/2.5.0/gems/activerecord-5.2.1/lib/active_record/log_subscriber.rb:98
  
ActionController::RoutingError (No route matches [GET] "/users"):
  
actionpack (5.2.1) lib/action_dispatch/middleware/debug_exceptions.rb:65:in `call'
web-console (3.7.0) lib/web_console/middleware.rb:135:in `call_app'
web-console (3.7.0) lib/web_console/middleware.rb:30:in `block in call'
web-console (3.7.0) lib/web_console/middleware.rb:20:in `catch'
web-console (3.7.0) lib/web_console/middleware.rb:20:in `call'
actionpack (5.2.1) lib/action_dispatch/middleware/show_exceptions.rb:33:in `call'
railties (5.2.1) lib/rails/rack/logger.rb:38:in `call_app'
railties (5.2.1) lib/rails/rack/logger.rb:26:in `block in call'
activesupport (5.2.1) lib/active_support/tagged_logging.rb:71:in `block in tagged'
activesupport (5.2.1) lib/active_support/tagged_logging.rb:28:in `tagged'
activesupport (5.2.1) lib/active_support/tagged_logging.rb:71:in `tagged'
railties (5.2.1) lib/rails/rack/logger.rb:26:in `call'
sprockets-rails (3.2.1) lib/sprockets/rails/quiet_assets.rb:13:in `call'
actionpack (5.2.1) lib/action_dispatch/middleware/remote_ip.rb:81:in `call'
actionpack (5.2.1) lib/action_dispatch/middleware/request_id.rb:27:in `call'
rack (2.0.6) lib/rack/method_override.rb:22:in `call'
rack (2.0.6) lib/rack/runtime.rb:22:in `call'
activesupport (5.2.1) lib/active_support/cache/strategy/local_cache_middleware.rb:29:in `call'
actionpack (5.2.1) lib/action_dispatch/middleware/executor.rb:14:in `call'
actionpack (5.2.1) lib/action_dispatch/middleware/static.rb:127:in `call'
rack (2.0.6) lib/rack/sendfile.rb:111:in `call'
railties (5.2.1) lib/rails/engine.rb:524:in `call'
puma (3.12.0) lib/puma/configuration.rb:225:in `call'
puma (3.12.0) lib/puma/server.rb:658:in `handle_request'
puma (3.12.0) lib/puma/server.rb:472:in `process_client'
puma (3.12.0) lib/puma/server.rb:332:in `block in run'
puma (3.12.0) lib/puma/thread_pool.rb:133:in `block in spawn_thread'
Started GET "/index" for 127.0.0.1 at 2018-11-10 12:02:09 +0200
  
ActionController::RoutingError (No route matches [GET] "/index"):
  
actionpack (5.2.1) lib/action_dispatch/middleware/debug_exceptions.rb:65:in `call'
web-console (3.7.0) lib/web_console/middleware.rb:135:in `call_app'
web-console (3.7.0) lib/web_console/middleware.rb:30:in `block in call'
web-console (3.7.0) lib/web_console/middleware.rb:20:in `catch'
web-console (3.7.0) lib/web_console/middleware.rb:20:in `call'
actionpack (5.2.1) lib/action_dispatch/middleware/show_exceptions.rb:33:in `call'
railties (5.2.1) lib/rails/rack/logger.rb:38:in `call_app'
railties (5.2.1) lib/rails/rack/logger.rb:26:in `block in call'
activesupport (5.2.1) lib/active_support/tagged_logging.rb:71:in `block in tagged'
activesupport (5.2.1) lib/active_support/tagged_logging.rb:28:in `tagged'
activesupport (5.2.1) lib/active_support/tagged_logging.rb:71:in `tagged'
railties (5.2.1) lib/rails/rack/logger.rb:26:in `call'
sprockets-rails (3.2.1) lib/sprockets/rails/quiet_assets.rb:13:in `call'
actionpack (5.2.1) lib/action_dispatch/middleware/remote_ip.rb:81:in `call'
actionpack (5.2.1) lib/action_dispatch/middleware/request_id.rb:27:in `call'
rack (2.0.6) lib/rack/method_override.rb:22:in `call'
rack (2.0.6) lib/rack/runtime.rb:22:in `call'
activesupport (5.2.1) lib/active_support/cache/strategy/local_cache_middleware.rb:29:in `call'
actionpack (5.2.1) lib/action_dispatch/middleware/executor.rb:14:in `call'
actionpack (5.2.1) lib/action_dispatch/middleware/static.rb:127:in `call'
rack (2.0.6) lib/rack/sendfile.rb:111:in `call'
railties (5.2.1) lib/rails/engine.rb:524:in `call'
puma (3.12.0) lib/puma/configuration.rb:225:in `call'
puma (3.12.0) lib/puma/server.rb:658:in `handle_request'
puma (3.12.0) lib/puma/server.rb:472:in `process_client'
puma (3.12.0) lib/puma/server.rb:332:in `block in run'
puma (3.12.0) lib/puma/thread_pool.rb:133:in `block in spawn_thread'
Started GET "/admin" for 127.0.0.1 at 2018-11-10 12:02:17 +0200
Processing by RailsAdmin::MainController#dashboard as HTML
  [1m[35m (0.3ms)[0m  [1m[34mSELECT COUNT(*) FROM "users"[0m
  ↳ /home/ivan-devops/.rbenv/versions/2.5.3/lib/ruby/gems/2.5.0/gems/activerecord-5.2.1/lib/active_record/log_subscriber.rb:98
  [1m[36mUser Load (0.5ms)[0m  [1m[34mSELECT  "users".* FROM "users" ORDER BY "users"."id" DESC LIMIT ?[0m  [["LIMIT", 1]]
  ↳ /home/ivan-devops/.rbenv/versions/2.5.3/lib/ruby/gems/2.5.0/gems/activerecord-5.2.1/lib/active_record/log_subscriber.rb:98
  Rendering /home/ivan-devops/.rbenv/versions/2.5.3/lib/ruby/gems/2.5.0/gems/rails_admin-1.4.2/app/views/rails_admin/main/dashboard.html.haml within layouts/rails_admin/application
  Rendered /home/ivan-devops/.rbenv/versions/2.5.3/lib/ruby/gems/2.5.0/gems/rails_admin-1.4.2/app/views/rails_admin/main/dashboard.html.haml within layouts/rails_admin/application (70.5ms)
  Rendered /home/ivan-devops/.rbenv/versions/2.5.3/lib/ruby/gems/2.5.0/gems/rails_admin-1.4.2/app/views/layouts/rails_admin/_secondary_navigation.html.haml (11.9ms)
  Rendered /home/ivan-devops/.rbenv/versions/2.5.3/lib/ruby/gems/2.5.0/gems/rails_admin-1.4.2/app/views/layouts/rails_admin/_navigation.html.haml (55.5ms)
  Rendered /home/ivan-devops/.rbenv/versions/2.5.3/lib/ruby/gems/2.5.0/gems/rails_admin-1.4.2/app/views/layouts/rails_admin/_sidebar_navigation.html.haml (21.2ms)
  Rendering /home/ivan-devops/.rbenv/versions/2.5.3/lib/ruby/gems/2.5.0/gems/rails_admin-1.4.2/app/views/layouts/rails_admin/pjax.html.haml
  Rendered /home/ivan-devops/.rbenv/versions/2.5.3/lib/ruby/gems/2.5.0/gems/rails_admin-1.4.2/app/views/layouts/rails_admin/pjax.html.haml (32.7ms)
Completed 200 OK in 3753ms (Views: 2075.7ms | ActiveRecord: 4.0ms)


Started GET "/admin" for 127.0.0.1 at 2018-11-10 12:05:12 +0200
  [1m[35m (0.4ms)[0m  [1m[34mSELECT "schema_migrations"."version" FROM "schema_migrations" ORDER BY "schema_migrations"."version" ASC[0m
  ↳ /home/ivan-devops/.rbenv/versions/2.5.3/lib/ruby/gems/2.5.0/gems/activerecord-5.2.1/lib/active_record/log_subscriber.rb:98
Processing by RailsAdmin::MainController#dashboard as HTML
  [1m[35m (0.3ms)[0m  [1m[34mSELECT COUNT(*) FROM "users"[0m
  ↳ /home/ivan-devops/.rbenv/versions/2.5.3/lib/ruby/gems/2.5.0/gems/activerecord-5.2.1/lib/active_record/log_subscriber.rb:98
  [1m[36mUser Load (0.5ms)[0m  [1m[34mSELECT  "users".* FROM "users" ORDER BY "users"."id" DESC LIMIT ?[0m  [["LIMIT", 1]]
  ↳ /home/ivan-devops/.rbenv/versions/2.5.3/lib/ruby/gems/2.5.0/gems/activerecord-5.2.1/lib/active_record/log_subscriber.rb:98
  Rendering /home/ivan-devops/.rbenv/versions/2.5.3/lib/ruby/gems/2.5.0/gems/rails_admin-1.4.2/app/views/rails_admin/main/dashboard.html.haml within layouts/rails_admin/application
  Rendered /home/ivan-devops/.rbenv/versions/2.5.3/lib/ruby/gems/2.5.0/gems/rails_admin-1.4.2/app/views/rails_admin/main/dashboard.html.haml within layouts/rails_admin/application (43.8ms)
  Rendered /home/ivan-devops/.rbenv/versions/2.5.3/lib/ruby/gems/2.5.0/gems/rails_admin-1.4.2/app/views/layouts/rails_admin/_secondary_navigation.html.haml (10.0ms)
  Rendered /home/ivan-devops/.rbenv/versions/2.5.3/lib/ruby/gems/2.5.0/gems/rails_admin-1.4.2/app/views/layouts/rails_admin/_navigation.html.haml (34.1ms)
  Rendered /home/ivan-devops/.rbenv/versions/2.5.3/lib/ruby/gems/2.5.0/gems/rails_admin-1.4.2/app/views/layouts/rails_admin/_sidebar_navigation.html.haml (7.3ms)
  Rendering /home/ivan-devops/.rbenv/versions/2.5.3/lib/ruby/gems/2.5.0/gems/rails_admin-1.4.2/app/views/layouts/rails_admin/pjax.html.haml
  Rendered /home/ivan-devops/.rbenv/versions/2.5.3/lib/ruby/gems/2.5.0/gems/rails_admin-1.4.2/app/views/layouts/rails_admin/pjax.html.haml (19.5ms)
Completed 200 OK in 3044ms (Views: 1734.2ms | ActiveRecord: 6.9ms)


Started GET "/admin/user?_pjax=%5Bdata-pjax-container%5D" for 127.0.0.1 at 2018-11-10 12:05:20 +0200
Processing by RailsAdmin::MainController#index as HTML
  Parameters: {"_pjax"=>"[data-pjax-container]", "model_name"=>"user"}
  Rendering /home/ivan-devops/.rbenv/versions/2.5.3/lib/ruby/gems/2.5.0/gems/rails_admin-1.4.2/app/views/rails_admin/main/index.html.haml within layouts/rails_admin/pjax
  [1m[36mUser Load (0.5ms)[0m  [1m[34mSELECT  "users".* FROM "users" ORDER BY users.id desc LIMIT ? OFFSET ?[0m  [["LIMIT", 20], ["OFFSET", 0]]
  ↳ /home/ivan-devops/.rbenv/versions/2.5.3/lib/ruby/gems/2.5.0/gems/activerecord-5.2.1/lib/active_record/log_subscriber.rb:98
  Rendered /home/ivan-devops/.rbenv/versions/2.5.3/lib/ruby/gems/2.5.0/gems/rails_admin-1.4.2/app/views/rails_admin/main/index.html.haml within layouts/rails_admin/pjax (193.8ms)
Completed 200 OK in 338ms (Views: 258.7ms | ActiveRecord: 0.5ms)


Started GET "/admin/user/new?_pjax=%5Bdata-pjax-container%5D" for 127.0.0.1 at 2018-11-10 12:05:23 +0200
Processing by RailsAdmin::MainController#new as HTML
  Parameters: {"_pjax"=>"[data-pjax-container]", "model_name"=>"user"}
  Rendering /home/ivan-devops/.rbenv/versions/2.5.3/lib/ruby/gems/2.5.0/gems/rails_admin-1.4.2/app/views/rails_admin/main/new.html.haml within layouts/rails_admin/pjax
  Rendered /home/ivan-devops/.rbenv/versions/2.5.3/lib/ruby/gems/2.5.0/gems/rails_admin-1.4.2/app/views/rails_admin/main/_form_boolean.html.haml (12.5ms)
  Rendered /home/ivan-devops/.rbenv/versions/2.5.3/lib/ruby/gems/2.5.0/gems/rails_admin-1.4.2/app/views/rails_admin/main/_form_field.html.haml (19.6ms)
  Rendered /home/ivan-devops/.rbenv/versions/2.5.3/lib/ruby/gems/2.5.0/gems/rails_admin-1.4.2/app/views/rails_admin/main/_form_field.html.haml (1.3ms)
  Rendered /home/ivan-devops/.rbenv/versions/2.5.3/lib/ruby/gems/2.5.0/gems/rails_admin-1.4.2/app/views/rails_admin/main/_form_field.html.haml (0.7ms)
  Rendered /home/ivan-devops/.rbenv/versions/2.5.3/lib/ruby/gems/2.5.0/gems/rails_admin-1.4.2/app/views/rails_admin/main/_form_datetime.html.haml (11.8ms)
  Rendered /home/ivan-devops/.rbenv/versions/2.5.3/lib/ruby/gems/2.5.0/gems/rails_admin-1.4.2/app/views/rails_admin/main/_form_datetime.html.haml (1.5ms)
  Rendered /home/ivan-devops/.rbenv/versions/2.5.3/lib/ruby/gems/2.5.0/gems/rails_admin-1.4.2/app/views/rails_admin/main/_submit_buttons.html.haml (36.2ms)
  Rendered /home/ivan-devops/.rbenv/versions/2.5.3/lib/ruby/gems/2.5.0/gems/rails_admin-1.4.2/app/views/rails_admin/main/new.html.haml within layouts/rails_admin/pjax (189.5ms)
Completed 200 OK in 306ms (Views: 263.6ms | ActiveRecord: 0.0ms)


Started POST "/admin/user/new" for 127.0.0.1 at 2018-11-10 12:07:08 +0200
Processing by RailsAdmin::MainController#new as HTML
  Parameters: {"utf8"=>"✓", "authenticity_token"=>"WKnQTosGxavNXNfeq5urcLagst/HAlmIUfx6t7qVIvj3gESiNJ5lXbVzvy4D/09iEi0urMbysAHsEREhdkI8tg==", "user"=>{"admin"=>"1", "email"=>"isavchuk99@gmail.com", "password"=>"[FILTERED]", "password_confirmation"=>"[FILTERED]", "reset_password_sent_at"=>"[FILTERED]", "remember_created_at"=>"November 10, 2018 12:06"}, "return_to"=>"http://localhost:3000/admin/user", "_save"=>"", "model_name"=>"user"}
  [1m[35m (0.2ms)[0m  [1m[36mbegin transaction[0m
  ↳ /home/ivan-devops/.rbenv/versions/2.5.3/lib/ruby/gems/2.5.0/gems/activerecord-5.2.1/lib/active_record/log_subscriber.rb:98
  [1m[36mUser Exists (0.7ms)[0m  [1m[34mSELECT  1 AS one FROM "users" WHERE "users"."email" = ? LIMIT ?[0m  [["email", "isavchuk99@gmail.com"], ["LIMIT", 1]]
  ↳ /home/ivan-devops/.rbenv/versions/2.5.3/lib/ruby/gems/2.5.0/gems/activerecord-5.2.1/lib/active_record/log_subscriber.rb:98
  [1m[36mUser Create (22.7ms)[0m  [1m[32mINSERT INTO "users" ("admin", "email", "encrypted_password", "reset_password_sent_at", "remember_created_at", "created_at", "updated_at") VALUES (?, ?, ?, ?, ?, ?, ?)[0m  [["admin", 1], ["email", "isavchuk99@gmail.com"], ["encrypted_password", "$2a$11$a.5s819SHePYl2aPrlCi6.cawJg/BcsDTs4.KXLa3s4w2Cy246meO"], ["reset_password_sent_at", "1999-07-07 12:05:00"], ["remember_created_at", "2018-11-10 12:06:00"], ["created_at", "2018-11-10 10:07:09.329968"], ["updated_at", "2018-11-10 10:07:09.329968"]]
  ↳ /home/ivan-devops/.rbenv/versions/2.5.3/lib/ruby/gems/2.5.0/gems/activerecord-5.2.1/lib/active_record/log_subscriber.rb:98
  [1m[35m (61.0ms)[0m  [1m[36mcommit transaction[0m
  ↳ /home/ivan-devops/.rbenv/versions/2.5.3/lib/ruby/gems/2.5.0/gems/activerecord-5.2.1/lib/active_record/log_subscriber.rb:98
Redirected to http://localhost:3000/admin/user
Completed 302 Found in 529ms (ActiveRecord: 84.6ms)


Started GET "/admin/user" for 127.0.0.1 at 2018-11-10 12:07:09 +0200
Processing by RailsAdmin::MainController#index as HTML
  Parameters: {"model_name"=>"user"}
  Rendering /home/ivan-devops/.rbenv/versions/2.5.3/lib/ruby/gems/2.5.0/gems/rails_admin-1.4.2/app/views/rails_admin/main/index.html.haml within layouts/rails_admin/application
  [1m[36mUser Load (3.9ms)[0m  [1m[34mSELECT  "users".* FROM "users" ORDER BY users.id desc LIMIT ? OFFSET ?[0m  [["LIMIT", 20], ["OFFSET", 0]]
  ↳ /home/ivan-devops/.rbenv/versions/2.5.3/lib/ruby/gems/2.5.0/gems/activerecord-5.2.1/lib/active_record/log_subscriber.rb:98
  Rendered /home/ivan-devops/.rbenv/versions/2.5.3/lib/ruby/gems/2.5.0/gems/rails_admin-1.4.2/app/views/rails_admin/main/index.html.haml within layouts/rails_admin/application (187.2ms)
  Rendered /home/ivan-devops/.rbenv/versions/2.5.3/lib/ruby/gems/2.5.0/gems/rails_admin-1.4.2/app/views/layouts/rails_admin/_secondary_navigation.html.haml (13.8ms)
  Rendered /home/ivan-devops/.rbenv/versions/2.5.3/lib/ruby/gems/2.5.0/gems/rails_admin-1.4.2/app/views/layouts/rails_admin/_navigation.html.haml (38.5ms)
  Rendered /home/ivan-devops/.rbenv/versions/2.5.3/lib/ruby/gems/2.5.0/gems/rails_admin-1.4.2/app/views/layouts/rails_admin/_sidebar_navigation.html.haml (12.4ms)
  Rendering /home/ivan-devops/.rbenv/versions/2.5.3/lib/ruby/gems/2.5.0/gems/rails_admin-1.4.2/app/views/layouts/rails_admin/pjax.html.haml
  Rendered /home/ivan-devops/.rbenv/versions/2.5.3/lib/ruby/gems/2.5.0/gems/rails_admin-1.4.2/app/views/layouts/rails_admin/pjax.html.haml (28.4ms)
Completed 200 OK in 769ms (Views: 735.9ms | ActiveRecord: 3.9ms)


Started GET "/admin/user" for 127.0.0.1 at 2018-11-10 12:18:03 +0200
  [1m[35m (0.4ms)[0m  [1m[34mSELECT "schema_migrations"."version" FROM "schema_migrations" ORDER BY "schema_migrations"."version" ASC[0m
  ↳ /home/ivan-devops/.rbenv/versions/2.5.3/lib/ruby/gems/2.5.0/gems/activerecord-5.2.1/lib/active_record/log_subscriber.rb:98
Processing by RailsAdmin::MainController#index as HTML
  Parameters: {"model_name"=>"user"}
Completed 500 Internal Server Error in 31ms (ActiveRecord: 0.0ms)


  
NoMethodError (undefined method `admin' for nil:NilClass):
  
config/initializers/rails_admin.rb:4:in `block (2 levels) in <main>'
Started GET "/admin" for 127.0.0.1 at 2018-11-10 12:18:11 +0200
Processing by RailsAdmin::MainController#dashboard as HTML
Completed 500 Internal Server Error in 5ms (ActiveRecord: 0.0ms)


  
NoMethodError (undefined method `admin' for nil:NilClass):
  
config/initializers/rails_admin.rb:4:in `block (2 levels) in <main>'
Started GET "/admin" for 127.0.0.1 at 2018-11-10 12:19:30 +0200
  [1m[35m (0.7ms)[0m  [1m[34mSELECT "schema_migrations"."version" FROM "schema_migrations" ORDER BY "schema_migrations"."version" ASC[0m
  ↳ /home/ivan-devops/.rbenv/versions/2.5.3/lib/ruby/gems/2.5.0/gems/activerecord-5.2.1/lib/active_record/log_subscriber.rb:98
Processing by RailsAdmin::MainController#dashboard as HTML
  [1m[35m (0.3ms)[0m  [1m[34mSELECT COUNT(*) FROM "users"[0m
  ↳ /home/ivan-devops/.rbenv/versions/2.5.3/lib/ruby/gems/2.5.0/gems/activerecord-5.2.1/lib/active_record/log_subscriber.rb:98
  [1m[36mUser Load (0.6ms)[0m  [1m[34mSELECT  "users".* FROM "users" ORDER BY "users"."id" DESC LIMIT ?[0m  [["LIMIT", 1]]
  ↳ /home/ivan-devops/.rbenv/versions/2.5.3/lib/ruby/gems/2.5.0/gems/activerecord-5.2.1/lib/active_record/log_subscriber.rb:98
  Rendering /home/ivan-devops/.rbenv/versions/2.5.3/lib/ruby/gems/2.5.0/gems/rails_admin-1.4.2/app/views/rails_admin/main/dashboard.html.haml within layouts/rails_admin/application
  Rendered /home/ivan-devops/.rbenv/versions/2.5.3/lib/ruby/gems/2.5.0/gems/rails_admin-1.4.2/app/views/rails_admin/main/dashboard.html.haml within layouts/rails_admin/application (45.1ms)
  Rendered /home/ivan-devops/.rbenv/versions/2.5.3/lib/ruby/gems/2.5.0/gems/rails_admin-1.4.2/app/views/layouts/rails_admin/_secondary_navigation.html.haml (16.7ms)
  Rendered /home/ivan-devops/.rbenv/versions/2.5.3/lib/ruby/gems/2.5.0/gems/rails_admin-1.4.2/app/views/layouts/rails_admin/_navigation.html.haml (44.1ms)
  Rendered /home/ivan-devops/.rbenv/versions/2.5.3/lib/ruby/gems/2.5.0/gems/rails_admin-1.4.2/app/views/layouts/rails_admin/_sidebar_navigation.html.haml (12.2ms)
  Rendering /home/ivan-devops/.rbenv/versions/2.5.3/lib/ruby/gems/2.5.0/gems/rails_admin-1.4.2/app/views/layouts/rails_admin/pjax.html.haml
  Rendered /home/ivan-devops/.rbenv/versions/2.5.3/lib/ruby/gems/2.5.0/gems/rails_admin-1.4.2/app/views/layouts/rails_admin/pjax.html.haml (23.4ms)
Completed 200 OK in 2417ms (Views: 1312.5ms | ActiveRecord: 2.8ms)


Started GET "/admin/user?_pjax=%5Bdata-pjax-container%5D" for 127.0.0.1 at 2018-11-10 12:25:49 +0200
Processing by RailsAdmin::MainController#index as HTML
  Parameters: {"_pjax"=>"[data-pjax-container]", "model_name"=>"user"}
  Rendering /home/ivan-devops/.rbenv/versions/2.5.3/lib/ruby/gems/2.5.0/gems/rails_admin-1.4.2/app/views/rails_admin/main/index.html.haml within layouts/rails_admin/pjax
  [1m[36mUser Load (0.6ms)[0m  [1m[34mSELECT  "users".* FROM "users" ORDER BY users.id desc LIMIT ? OFFSET ?[0m  [["LIMIT", 20], ["OFFSET", 0]]
  ↳ /home/ivan-devops/.rbenv/versions/2.5.3/lib/ruby/gems/2.5.0/gems/activerecord-5.2.1/lib/active_record/log_subscriber.rb:98
  Rendered /home/ivan-devops/.rbenv/versions/2.5.3/lib/ruby/gems/2.5.0/gems/rails_admin-1.4.2/app/views/rails_admin/main/index.html.haml within layouts/rails_admin/pjax (241.3ms)
Completed 200 OK in 315ms (Views: 291.2ms | ActiveRecord: 0.6ms)


Started GET "/admin/user/1/edit?_pjax=%5Bdata-pjax-container%5D" for 127.0.0.1 at 2018-11-10 12:25:54 +0200
Processing by RailsAdmin::MainController#edit as HTML
  Parameters: {"_pjax"=>"[data-pjax-container]", "model_name"=>"user", "id"=>"1"}
  [1m[36mUser Load (3.4ms)[0m  [1m[34mSELECT  "users".* FROM "users" WHERE "users"."id" = ? ORDER BY "users"."id" ASC LIMIT ?[0m  [["id", 1], ["LIMIT", 1]]
  ↳ /home/ivan-devops/.rbenv/versions/2.5.3/lib/ruby/gems/2.5.0/gems/activerecord-5.2.1/lib/active_record/log_subscriber.rb:98
  Rendering /home/ivan-devops/.rbenv/versions/2.5.3/lib/ruby/gems/2.5.0/gems/rails_admin-1.4.2/app/views/rails_admin/main/edit.html.haml within layouts/rails_admin/pjax
  Rendered /home/ivan-devops/.rbenv/versions/2.5.3/lib/ruby/gems/2.5.0/gems/rails_admin-1.4.2/app/views/rails_admin/main/_form_boolean.html.haml (23.1ms)
  Rendered /home/ivan-devops/.rbenv/versions/2.5.3/lib/ruby/gems/2.5.0/gems/rails_admin-1.4.2/app/views/rails_admin/main/_form_field.html.haml (5.0ms)
  Rendered /home/ivan-devops/.rbenv/versions/2.5.3/lib/ruby/gems/2.5.0/gems/rails_admin-1.4.2/app/views/rails_admin/main/_form_field.html.haml (1.7ms)
  Rendered /home/ivan-devops/.rbenv/versions/2.5.3/lib/ruby/gems/2.5.0/gems/rails_admin-1.4.2/app/views/rails_admin/main/_form_field.html.haml (0.6ms)
  Rendered /home/ivan-devops/.rbenv/versions/2.5.3/lib/ruby/gems/2.5.0/gems/rails_admin-1.4.2/app/views/rails_admin/main/_form_datetime.html.haml (10.2ms)
  Rendered /home/ivan-devops/.rbenv/versions/2.5.3/lib/ruby/gems/2.5.0/gems/rails_admin-1.4.2/app/views/rails_admin/main/_form_datetime.html.haml (2.0ms)
  Rendered /home/ivan-devops/.rbenv/versions/2.5.3/lib/ruby/gems/2.5.0/gems/rails_admin-1.4.2/app/views/rails_admin/main/_submit_buttons.html.haml (24.7ms)
  Rendered /home/ivan-devops/.rbenv/versions/2.5.3/lib/ruby/gems/2.5.0/gems/rails_admin-1.4.2/app/views/rails_admin/main/edit.html.haml within layouts/rails_admin/pjax (121.6ms)
Completed 200 OK in 203ms (Views: 166.6ms | ActiveRecord: 3.4ms)


Started PUT "/admin/user/1/edit" for 127.0.0.1 at 2018-11-10 12:26:02 +0200
Processing by RailsAdmin::MainController#edit as HTML
  Parameters: {"utf8"=>"✓", "authenticity_token"=>"jleE4Db+0LOTtzyuxcwbWQhr1lHnO/w90Nf9Hv3BbGFcF6BfXsS6I0HXLiuHv7WQ2eo9oLMmC5SxU9SReNWw0g==", "user"=>{"admin"=>"1", "email"=>"isavchuk99@gmail.com", "password"=>"[FILTERED]", "password_confirmation"=>"[FILTERED]", "reset_password_sent_at"=>"[FILTERED]", "remember_created_at"=>"November 10, 2018 12:06"}, "return_to"=>"http://localhost:3000/admin/user", "_add_another"=>"", "model_name"=>"user", "id"=>"1"}
  [1m[36mUser Load (0.5ms)[0m  [1m[34mSELECT  "users".* FROM "users" WHERE "users"."id" = ? ORDER BY "users"."id" ASC LIMIT ?[0m  [["id", 1], ["LIMIT", 1]]
  ↳ /home/ivan-devops/.rbenv/versions/2.5.3/lib/ruby/gems/2.5.0/gems/activerecord-5.2.1/lib/active_record/log_subscriber.rb:98
  [1m[35m (0.2ms)[0m  [1m[36mbegin transaction[0m
  ↳ /home/ivan-devops/.rbenv/versions/2.5.3/lib/ruby/gems/2.5.0/gems/activerecord-5.2.1/lib/active_record/log_subscriber.rb:98
  [1m[35m (0.2ms)[0m  [1m[36mcommit transaction[0m
  ↳ /home/ivan-devops/.rbenv/versions/2.5.3/lib/ruby/gems/2.5.0/gems/activerecord-5.2.1/lib/active_record/log_subscriber.rb:98
Redirected to http://localhost:3000/admin/user/new?return_to=http%3A%2F%2Flocalhost%3A3000%2Fadmin%2Fuser
Completed 302 Found in 47ms (ActiveRecord: 0.9ms)


Started GET "/admin/user/new?return_to=http%3A%2F%2Flocalhost%3A3000%2Fadmin%2Fuser" for 127.0.0.1 at 2018-11-10 12:26:03 +0200
Processing by RailsAdmin::MainController#new as HTML
  Parameters: {"return_to"=>"http://localhost:3000/admin/user", "model_name"=>"user"}
  Rendering /home/ivan-devops/.rbenv/versions/2.5.3/lib/ruby/gems/2.5.0/gems/rails_admin-1.4.2/app/views/rails_admin/main/new.html.haml within layouts/rails_admin/application
  Rendered /home/ivan-devops/.rbenv/versions/2.5.3/lib/ruby/gems/2.5.0/gems/rails_admin-1.4.2/app/views/rails_admin/main/_form_boolean.html.haml (6.5ms)
  Rendered /home/ivan-devops/.rbenv/versions/2.5.3/lib/ruby/gems/2.5.0/gems/rails_admin-1.4.2/app/views/rails_admin/main/_form_field.html.haml (4.6ms)
  Rendered /home/ivan-devops/.rbenv/versions/2.5.3/lib/ruby/gems/2.5.0/gems/rails_admin-1.4.2/app/views/rails_admin/main/_form_field.html.haml (0.7ms)
  Rendered /home/ivan-devops/.rbenv/versions/2.5.3/lib/ruby/gems/2.5.0/gems/rails_admin-1.4.2/app/views/rails_admin/main/_form_field.html.haml (0.6ms)
  Rendered /home/ivan-devops/.rbenv/versions/2.5.3/lib/ruby/gems/2.5.0/gems/rails_admin-1.4.2/app/views/rails_admin/main/_form_datetime.html.haml (9.2ms)
  Rendered /home/ivan-devops/.rbenv/versions/2.5.3/lib/ruby/gems/2.5.0/gems/rails_admin-1.4.2/app/views/rails_admin/main/_form_datetime.html.haml (1.3ms)
  Rendered /home/ivan-devops/.rbenv/versions/2.5.3/lib/ruby/gems/2.5.0/gems/rails_admin-1.4.2/app/views/rails_admin/main/_submit_buttons.html.haml (24.0ms)
  Rendered /home/ivan-devops/.rbenv/versions/2.5.3/lib/ruby/gems/2.5.0/gems/rails_admin-1.4.2/app/views/rails_admin/main/new.html.haml within layouts/rails_admin/application (80.8ms)
  Rendered /home/ivan-devops/.rbenv/versions/2.5.3/lib/ruby/gems/2.5.0/gems/rails_admin-1.4.2/app/views/layouts/rails_admin/_secondary_navigation.html.haml (9.3ms)
  Rendered /home/ivan-devops/.rbenv/versions/2.5.3/lib/ruby/gems/2.5.0/gems/rails_admin-1.4.2/app/views/layouts/rails_admin/_navigation.html.haml (24.4ms)
  Rendered /home/ivan-devops/.rbenv/versions/2.5.3/lib/ruby/gems/2.5.0/gems/rails_admin-1.4.2/app/views/layouts/rails_admin/_sidebar_navigation.html.haml (7.4ms)
  Rendering /home/ivan-devops/.rbenv/versions/2.5.3/lib/ruby/gems/2.5.0/gems/rails_admin-1.4.2/app/views/layouts/rails_admin/pjax.html.haml
  Rendered /home/ivan-devops/.rbenv/versions/2.5.3/lib/ruby/gems/2.5.0/gems/rails_admin-1.4.2/app/views/layouts/rails_admin/pjax.html.haml (20.3ms)
Completed 200 OK in 534ms (Views: 518.1ms | ActiveRecord: 0.0ms)


Started GET "/admin/user?_pjax=%5Bdata-pjax-container%5D" for 127.0.0.1 at 2018-11-10 12:26:07 +0200
Processing by RailsAdmin::MainController#index as HTML
  Parameters: {"_pjax"=>"[data-pjax-container]", "model_name"=>"user"}
  Rendering /home/ivan-devops/.rbenv/versions/2.5.3/lib/ruby/gems/2.5.0/gems/rails_admin-1.4.2/app/views/rails_admin/main/index.html.haml within layouts/rails_admin/pjax
  [1m[36mUser Load (0.6ms)[0m  [1m[34mSELECT  "users".* FROM "users" ORDER BY users.id desc LIMIT ? OFFSET ?[0m  [["LIMIT", 20], ["OFFSET", 0]]
  ↳ /home/ivan-devops/.rbenv/versions/2.5.3/lib/ruby/gems/2.5.0/gems/activerecord-5.2.1/lib/active_record/log_subscriber.rb:98
  Rendered /home/ivan-devops/.rbenv/versions/2.5.3/lib/ruby/gems/2.5.0/gems/rails_admin-1.4.2/app/views/rails_admin/main/index.html.haml within layouts/rails_admin/pjax (124.7ms)
Completed 200 OK in 173ms (Views: 150.9ms | ActiveRecord: 0.6ms)


Started GET "/admin/user/new?_pjax=%5Bdata-pjax-container%5D" for 127.0.0.1 at 2018-11-10 12:26:14 +0200
Processing by RailsAdmin::MainController#new as HTML
  Parameters: {"_pjax"=>"[data-pjax-container]", "model_name"=>"user"}
  Rendering /home/ivan-devops/.rbenv/versions/2.5.3/lib/ruby/gems/2.5.0/gems/rails_admin-1.4.2/app/views/rails_admin/main/new.html.haml within layouts/rails_admin/pjax
  Rendered /home/ivan-devops/.rbenv/versions/2.5.3/lib/ruby/gems/2.5.0/gems/rails_admin-1.4.2/app/views/rails_admin/main/_form_boolean.html.haml (13.7ms)
  Rendered /home/ivan-devops/.rbenv/versions/2.5.3/lib/ruby/gems/2.5.0/gems/rails_admin-1.4.2/app/views/rails_admin/main/_form_field.html.haml (8.0ms)
  Rendered /home/ivan-devops/.rbenv/versions/2.5.3/lib/ruby/gems/2.5.0/gems/rails_admin-1.4.2/app/views/rails_admin/main/_form_field.html.haml (0.6ms)
  Rendered /home/ivan-devops/.rbenv/versions/2.5.3/lib/ruby/gems/2.5.0/gems/rails_admin-1.4.2/app/views/rails_admin/main/_form_field.html.haml (0.7ms)
  Rendered /home/ivan-devops/.rbenv/versions/2.5.3/lib/ruby/gems/2.5.0/gems/rails_admin-1.4.2/app/views/rails_admin/main/_form_datetime.html.haml (7.6ms)
  Rendered /home/ivan-devops/.rbenv/versions/2.5.3/lib/ruby/gems/2.5.0/gems/rails_admin-1.4.2/app/views/rails_admin/main/_form_datetime.html.haml (1.6ms)
  Rendered /home/ivan-devops/.rbenv/versions/2.5.3/lib/ruby/gems/2.5.0/gems/rails_admin-1.4.2/app/views/rails_admin/main/_submit_buttons.html.haml (22.9ms)
  Rendered /home/ivan-devops/.rbenv/versions/2.5.3/lib/ruby/gems/2.5.0/gems/rails_admin-1.4.2/app/views/rails_admin/main/new.html.haml within layouts/rails_admin/pjax (101.1ms)
Completed 200 OK in 158ms (Views: 130.4ms | ActiveRecord: 0.0ms)


Started POST "/admin/user/new" for 127.0.0.1 at 2018-11-10 12:27:04 +0200
Processing by RailsAdmin::MainController#new as HTML
  Parameters: {"utf8"=>"✓", "authenticity_token"=>"RgmZBIEMDxpCK1P1HbluGuzctfjdFHmdVllVrM0aE47pIA3oPpSv7DoEOwW13YoISFEpi9zkkBTrtD46Ac0NwA==", "user"=>{"admin"=>"0", "email"=>"test@gmail.com", "password"=>"[FILTERED]", "password_confirmation"=>"[FILTERED]", "reset_password_sent_at"=>"[FILTERED]", "remember_created_at"=>"November 10, 2018 12:27"}, "return_to"=>"http://localhost:3000/admin/user", "_save"=>"", "model_name"=>"user"}
  [1m[35m (0.2ms)[0m  [1m[36mbegin transaction[0m
  ↳ /home/ivan-devops/.rbenv/versions/2.5.3/lib/ruby/gems/2.5.0/gems/activerecord-5.2.1/lib/active_record/log_subscriber.rb:98
  [1m[36mUser Exists (0.4ms)[0m  [1m[34mSELECT  1 AS one FROM "users" WHERE "users"."email" = ? LIMIT ?[0m  [["email", "test@gmail.com"], ["LIMIT", 1]]
  ↳ /home/ivan-devops/.rbenv/versions/2.5.3/lib/ruby/gems/2.5.0/gems/activerecord-5.2.1/lib/active_record/log_subscriber.rb:98
  [1m[35m (0.2ms)[0m  [1m[31mrollback transaction[0m
  ↳ /home/ivan-devops/.rbenv/versions/2.5.3/lib/ruby/gems/2.5.0/gems/activerecord-5.2.1/lib/active_record/log_subscriber.rb:98
  Rendering /home/ivan-devops/.rbenv/versions/2.5.3/lib/ruby/gems/2.5.0/gems/rails_admin-1.4.2/app/views/rails_admin/main/new.html.haml within layouts/rails_admin/application
  Rendered /home/ivan-devops/.rbenv/versions/2.5.3/lib/ruby/gems/2.5.0/gems/rails_admin-1.4.2/app/views/rails_admin/main/_form_boolean.html.haml (7.5ms)
  Rendered /home/ivan-devops/.rbenv/versions/2.5.3/lib/ruby/gems/2.5.0/gems/rails_admin-1.4.2/app/views/rails_admin/main/_form_field.html.haml (4.6ms)
  Rendered /home/ivan-devops/.rbenv/versions/2.5.3/lib/ruby/gems/2.5.0/gems/rails_admin-1.4.2/app/views/rails_admin/main/_form_field.html.haml (0.9ms)
  Rendered /home/ivan-devops/.rbenv/versions/2.5.3/lib/ruby/gems/2.5.0/gems/rails_admin-1.4.2/app/views/rails_admin/main/_form_field.html.haml (0.6ms)
  Rendered /home/ivan-devops/.rbenv/versions/2.5.3/lib/ruby/gems/2.5.0/gems/rails_admin-1.4.2/app/views/rails_admin/main/_form_datetime.html.haml (8.8ms)
  Rendered /home/ivan-devops/.rbenv/versions/2.5.3/lib/ruby/gems/2.5.0/gems/rails_admin-1.4.2/app/views/rails_admin/main/_form_datetime.html.haml (1.8ms)
  Rendered /home/ivan-devops/.rbenv/versions/2.5.3/lib/ruby/gems/2.5.0/gems/rails_admin-1.4.2/app/views/rails_admin/main/_submit_buttons.html.haml (26.3ms)
  Rendered /home/ivan-devops/.rbenv/versions/2.5.3/lib/ruby/gems/2.5.0/gems/rails_admin-1.4.2/app/views/rails_admin/main/new.html.haml within layouts/rails_admin/application (86.8ms)
  Rendered /home/ivan-devops/.rbenv/versions/2.5.3/lib/ruby/gems/2.5.0/gems/rails_admin-1.4.2/app/views/layouts/rails_admin/_secondary_navigation.html.haml (10.0ms)
  Rendered /home/ivan-devops/.rbenv/versions/2.5.3/lib/ruby/gems/2.5.0/gems/rails_admin-1.4.2/app/views/layouts/rails_admin/_navigation.html.haml (24.8ms)
  Rendered /home/ivan-devops/.rbenv/versions/2.5.3/lib/ruby/gems/2.5.0/gems/rails_admin-1.4.2/app/views/layouts/rails_admin/_sidebar_navigation.html.haml (7.5ms)
  Rendering /home/ivan-devops/.rbenv/versions/2.5.3/lib/ruby/gems/2.5.0/gems/rails_admin-1.4.2/app/views/layouts/rails_admin/pjax.html.haml
  Rendered /home/ivan-devops/.rbenv/versions/2.5.3/lib/ruby/gems/2.5.0/gems/rails_admin-1.4.2/app/views/layouts/rails_admin/pjax.html.haml (21.5ms)
Completed 406 Not Acceptable in 824ms (Views: 520.0ms | ActiveRecord: 0.8ms)


Started POST "/admin/user/new" for 127.0.0.1 at 2018-11-10 12:27:26 +0200
Processing by RailsAdmin::MainController#new as HTML
  Parameters: {"utf8"=>"✓", "authenticity_token"=>"YXPoSgX6JbPTefj87iaIiEgepO/08g0HKvMX6oQhH/rPT/J2vuViQ/Fl/0mYtZo+4iESGIp2fHaxkAG/CczOOQ==", "user"=>{"admin"=>"0", "email"=>"test@gmail.com", "password"=>"[FILTERED]", "password_confirmation"=>"[FILTERED]", "reset_password_sent_at"=>"[FILTERED]", "remember_created_at"=>"November 10, 2018 12:27"}, "return_to"=>"http://localhost:3000/admin/user", "_save"=>"", "model_name"=>"user"}
  [1m[35m (0.2ms)[0m  [1m[36mbegin transaction[0m
  ↳ /home/ivan-devops/.rbenv/versions/2.5.3/lib/ruby/gems/2.5.0/gems/activerecord-5.2.1/lib/active_record/log_subscriber.rb:98
  [1m[36mUser Exists (0.4ms)[0m  [1m[34mSELECT  1 AS one FROM "users" WHERE "users"."email" = ? LIMIT ?[0m  [["email", "test@gmail.com"], ["LIMIT", 1]]
  ↳ /home/ivan-devops/.rbenv/versions/2.5.3/lib/ruby/gems/2.5.0/gems/activerecord-5.2.1/lib/active_record/log_subscriber.rb:98
  [1m[36mUser Create (2.4ms)[0m  [1m[32mINSERT INTO "users" ("admin", "email", "encrypted_password", "reset_password_sent_at", "remember_created_at", "created_at", "updated_at") VALUES (?, ?, ?, ?, ?, ?, ?)[0m  [["admin", 0], ["email", "test@gmail.com"], ["encrypted_password", "$2a$11$BC6PMhV.NKtvtOqfhIeECOKAz2c07xDgYsdaMED1ZiKK/dZkDYcva"], ["reset_password_sent_at", "2018-11-10 12:26:00"], ["remember_created_at", "2018-11-10 12:27:00"], ["created_at", "2018-11-10 10:27:26.560077"], ["updated_at", "2018-11-10 10:27:26.560077"]]
  ↳ /home/ivan-devops/.rbenv/versions/2.5.3/lib/ruby/gems/2.5.0/gems/activerecord-5.2.1/lib/active_record/log_subscriber.rb:98
  [1m[35m (131.2ms)[0m  [1m[36mcommit transaction[0m
  ↳ /home/ivan-devops/.rbenv/versions/2.5.3/lib/ruby/gems/2.5.0/gems/activerecord-5.2.1/lib/active_record/log_subscriber.rb:98
Redirected to http://localhost:3000/admin/user
Completed 302 Found in 395ms (ActiveRecord: 134.2ms)


Started GET "/admin/user" for 127.0.0.1 at 2018-11-10 12:27:26 +0200
Processing by RailsAdmin::MainController#index as HTML
  Parameters: {"model_name"=>"user"}
  Rendering /home/ivan-devops/.rbenv/versions/2.5.3/lib/ruby/gems/2.5.0/gems/rails_admin-1.4.2/app/views/rails_admin/main/index.html.haml within layouts/rails_admin/application
  [1m[36mUser Load (0.7ms)[0m  [1m[34mSELECT  "users".* FROM "users" ORDER BY users.id desc LIMIT ? OFFSET ?[0m  [["LIMIT", 20], ["OFFSET", 0]]
  ↳ /home/ivan-devops/.rbenv/versions/2.5.3/lib/ruby/gems/2.5.0/gems/activerecord-5.2.1/lib/active_record/log_subscriber.rb:98
  Rendered /home/ivan-devops/.rbenv/versions/2.5.3/lib/ruby/gems/2.5.0/gems/rails_admin-1.4.2/app/views/rails_admin/main/index.html.haml within layouts/rails_admin/application (136.4ms)
  Rendered /home/ivan-devops/.rbenv/versions/2.5.3/lib/ruby/gems/2.5.0/gems/rails_admin-1.4.2/app/views/layouts/rails_admin/_secondary_navigation.html.haml (10.8ms)
  Rendered /home/ivan-devops/.rbenv/versions/2.5.3/lib/ruby/gems/2.5.0/gems/rails_admin-1.4.2/app/views/layouts/rails_admin/_navigation.html.haml (25.8ms)
  Rendered /home/ivan-devops/.rbenv/versions/2.5.3/lib/ruby/gems/2.5.0/gems/rails_admin-1.4.2/app/views/layouts/rails_admin/_sidebar_navigation.html.haml (7.5ms)
  Rendering /home/ivan-devops/.rbenv/versions/2.5.3/lib/ruby/gems/2.5.0/gems/rails_admin-1.4.2/app/views/layouts/rails_admin/pjax.html.haml
  Rendered /home/ivan-devops/.rbenv/versions/2.5.3/lib/ruby/gems/2.5.0/gems/rails_admin-1.4.2/app/views/layouts/rails_admin/pjax.html.haml (18.5ms)
Completed 200 OK in 572ms (Views: 553.6ms | ActiveRecord: 0.7ms)


Started GET "/admin" for 127.0.0.1 at 2018-11-10 12:28:11 +0200
Processing by RailsAdmin::MainController#dashboard as HTML
  [1m[35m (0.3ms)[0m  [1m[34mSELECT COUNT(*) FROM "users"[0m
  ↳ /home/ivan-devops/.rbenv/versions/2.5.3/lib/ruby/gems/2.5.0/gems/activerecord-5.2.1/lib/active_record/log_subscriber.rb:98
  [1m[36mUser Load (0.5ms)[0m  [1m[34mSELECT  "users".* FROM "users" ORDER BY "users"."id" DESC LIMIT ?[0m  [["LIMIT", 1]]
  ↳ /home/ivan-devops/.rbenv/versions/2.5.3/lib/ruby/gems/2.5.0/gems/activerecord-5.2.1/lib/active_record/log_subscriber.rb:98
  Rendering /home/ivan-devops/.rbenv/versions/2.5.3/lib/ruby/gems/2.5.0/gems/rails_admin-1.4.2/app/views/rails_admin/main/dashboard.html.haml within layouts/rails_admin/application
  Rendered /home/ivan-devops/.rbenv/versions/2.5.3/lib/ruby/gems/2.5.0/gems/rails_admin-1.4.2/app/views/rails_admin/main/dashboard.html.haml within layouts/rails_admin/application (35.0ms)
  Rendered /home/ivan-devops/.rbenv/versions/2.5.3/lib/ruby/gems/2.5.0/gems/rails_admin-1.4.2/app/views/layouts/rails_admin/_secondary_navigation.html.haml (14.2ms)
  Rendered /home/ivan-devops/.rbenv/versions/2.5.3/lib/ruby/gems/2.5.0/gems/rails_admin-1.4.2/app/views/layouts/rails_admin/_navigation.html.haml (32.0ms)
  Rendered /home/ivan-devops/.rbenv/versions/2.5.3/lib/ruby/gems/2.5.0/gems/rails_admin-1.4.2/app/views/layouts/rails_admin/_sidebar_navigation.html.haml (10.9ms)
  Rendering /home/ivan-devops/.rbenv/versions/2.5.3/lib/ruby/gems/2.5.0/gems/rails_admin-1.4.2/app/views/layouts/rails_admin/pjax.html.haml
  Rendered /home/ivan-devops/.rbenv/versions/2.5.3/lib/ruby/gems/2.5.0/gems/rails_admin-1.4.2/app/views/layouts/rails_admin/pjax.html.haml (16.2ms)
Completed 200 OK in 505ms (Views: 489.1ms | ActiveRecord: 0.8ms)


Started GET "/admin/?_pjax=%5Bdata-pjax-container%5D" for 127.0.0.1 at 2018-11-10 12:28:22 +0200
Processing by RailsAdmin::MainController#dashboard as HTML
  Parameters: {"_pjax"=>"[data-pjax-container]"}
  [1m[35m (0.8ms)[0m  [1m[34mSELECT COUNT(*) FROM "users"[0m
  ↳ /home/ivan-devops/.rbenv/versions/2.5.3/lib/ruby/gems/2.5.0/gems/activerecord-5.2.1/lib/active_record/log_subscriber.rb:98
  [1m[36mUser Load (1.4ms)[0m  [1m[34mSELECT  "users".* FROM "users" ORDER BY "users"."id" DESC LIMIT ?[0m  [["LIMIT", 1]]
  ↳ /home/ivan-devops/.rbenv/versions/2.5.3/lib/ruby/gems/2.5.0/gems/activerecord-5.2.1/lib/active_record/log_subscriber.rb:98
  Rendering /home/ivan-devops/.rbenv/versions/2.5.3/lib/ruby/gems/2.5.0/gems/rails_admin-1.4.2/app/views/rails_admin/main/dashboard.html.haml within layouts/rails_admin/pjax
  Rendered /home/ivan-devops/.rbenv/versions/2.5.3/lib/ruby/gems/2.5.0/gems/rails_admin-1.4.2/app/views/rails_admin/main/dashboard.html.haml within layouts/rails_admin/pjax (45.7ms)
Completed 200 OK in 113ms (Views: 100.4ms | ActiveRecord: 2.2ms)


Started GET "/" for 127.0.0.1 at 2018-11-10 12:28:24 +0200
Processing by HomeController#index as HTML
  Rendering home/index.html.erb within layouts/application
  Rendered home/index.html.erb within layouts/application (0.8ms)
Completed 500 Internal Server Error in 1624ms (ActiveRecord: 0.0ms)


  
ActionView::Template::Error (undefined local variable or method `“Login”' for #<#<Class:0x00007fcd3c6574b0>:0x00007fcd3c642e98>):
    15:     <% if current_user %>
    16:       <%= link_to “Logout”, destroy_user_session_path, method: :delete %>
    17:     <% else %>
    18:       <%= link_to “Login”, new_user_session_path %>
    19:     <% end %>
    20: 
    21:     <%= yield %>
  
app/views/layouts/application.html.erb:18:in `_app_views_layouts_application_html_erb___623827542161866082_70259728912240'
Started GET "/admin" for 127.0.0.1 at 2018-11-10 12:28:39 +0200
Processing by RailsAdmin::MainController#dashboard as HTML
  [1m[35m (0.4ms)[0m  [1m[34mSELECT COUNT(*) FROM "users"[0m
  ↳ /home/ivan-devops/.rbenv/versions/2.5.3/lib/ruby/gems/2.5.0/gems/activerecord-5.2.1/lib/active_record/log_subscriber.rb:98
  [1m[36mUser Load (2.0ms)[0m  [1m[34mSELECT  "users".* FROM "users" ORDER BY "users"."id" DESC LIMIT ?[0m  [["LIMIT", 1]]
  ↳ /home/ivan-devops/.rbenv/versions/2.5.3/lib/ruby/gems/2.5.0/gems/activerecord-5.2.1/lib/active_record/log_subscriber.rb:98
  Rendering /home/ivan-devops/.rbenv/versions/2.5.3/lib/ruby/gems/2.5.0/gems/rails_admin-1.4.2/app/views/rails_admin/main/dashboard.html.haml within layouts/rails_admin/application
  Rendered /home/ivan-devops/.rbenv/versions/2.5.3/lib/ruby/gems/2.5.0/gems/rails_admin-1.4.2/app/views/rails_admin/main/dashboard.html.haml within layouts/rails_admin/application (36.8ms)
  Rendered /home/ivan-devops/.rbenv/versions/2.5.3/lib/ruby/gems/2.5.0/gems/rails_admin-1.4.2/app/views/layouts/rails_admin/_secondary_navigation.html.haml (9.2ms)
  Rendered /home/ivan-devops/.rbenv/versions/2.5.3/lib/ruby/gems/2.5.0/gems/rails_admin-1.4.2/app/views/layouts/rails_admin/_navigation.html.haml (24.4ms)
  Rendered /home/ivan-devops/.rbenv/versions/2.5.3/lib/ruby/gems/2.5.0/gems/rails_admin-1.4.2/app/views/layouts/rails_admin/_sidebar_navigation.html.haml (7.4ms)
  Rendering /home/ivan-devops/.rbenv/versions/2.5.3/lib/ruby/gems/2.5.0/gems/rails_admin-1.4.2/app/views/layouts/rails_admin/pjax.html.haml
  Rendered /home/ivan-devops/.rbenv/versions/2.5.3/lib/ruby/gems/2.5.0/gems/rails_admin-1.4.2/app/views/layouts/rails_admin/pjax.html.haml (15.8ms)
Completed 200 OK in 439ms (Views: 425.1ms | ActiveRecord: 2.4ms)


